[2020-10-15 11:15:00][2] Processing: App\Jobs\CheckQuizStatus
[2020-10-15 11:15:00][4] Processing: App\Jobs\CheckQuizStatus
[2020-10-15 11:15:00][3] Processing: App\Jobs\NotifyBeforeStart
[2020-10-15 11:15:01][3] Processed:  App\Jobs\NotifyBeforeStart
[2020-10-15 11:15:01][4] Processed:  App\Jobs\CheckQuizStatus
[2020-10-15 11:15:01][2] Processed:  App\Jobs\CheckQuizStatus
[2020-10-15 11:15:01][1] Processing: App\Jobs\NotifyBeforeStart
[2020-10-15 11:15:01][1] Processed:  App\Jobs\NotifyBeforeStart
[2020-10-15 12:45:00][6] Processing: App\Jobs\CheckQuizStatus
[2020-10-15 12:45:01][5] Processing: App\Jobs\NotifyBeforeStart
[2020-10-15 12:45:01][6] Processed:  App\Jobs\CheckQuizStatus
[2020-10-15 12:45:01][5] Processed:  App\Jobs\NotifyBeforeStart

   Symfony\Component\Process\Exception\ProcessTimedOutException 

  The process "'/usr/bin/php' 'artisan' 'queue:work' '--once' '--queue=default' '--delay=0' '--memory=128' '--sleep=3' '--tries=1'" exceeded the timeout of 60 seconds.

  at /run/media/krunaldodiya/Softwares/Code/Sawal/sawalbemisaal.pauzr.com/vendor/symfony/process/Process.php:1201

   Symfony\Component\Process\Exception\ProcessTimedOutException 

  The process "'/usr/bin/php' 'artisan' 'queue:work' '--once' '--queue=default' '--delay=0' '--memory=128' '--sleep=3' '--tries=1'" exceeded the timeout of 60 seconds.

  at /run/media/krunaldodiya/Softwares/Code/Sawal/sawalbemisaal.pauzr.com/vendor/symfony/process/Process.php:1201

   Symfony\Component\Process\Exception\ProcessTimedOutException 

  The process "'/usr/bin/php' 'artisan' 'queue:work' '--once' '--queue=default' '--delay=0' '--memory=128' '--sleep=3' '--tries=1'" exceeded the timeout of 60 seconds.

  at /run/media/krunaldodiya/Softwares/Code/Sawal/sawalbemisaal.pauzr.com/vendor/symfony/process/Process.php:1201

   Symfony\Component\Process\Exception\ProcessTimedOutException 

  The process "'/usr/bin/php' 'artisan' 'queue:work' '--once' '--queue=default' '--delay=0' '--memory=128' '--sleep=3' '--tries=1'" exceeded the timeout of 60 seconds.

  at /run/media/krunaldodiya/Softwares/Code/Sawal/sawalbemisaal.pauzr.com/vendor/symfony/process/Process.php:1201

   Symfony\Component\Process\Exception\ProcessTimedOutException 

  The process "'/usr/bin/php' 'artisan' 'queue:work' '--once' '--queue=default' '--delay=0' '--memory=128' '--sleep=3' '--tries=1'" exceeded the timeout of 60 seconds.

  at /run/media/krunaldodiya/Softwares/Code/Sawal/sawalbemisaal.pauzr.com/vendor/symfony/process/Process.php:1201

   Symfony\Component\Process\Exception\ProcessTimedOutException 

  The process "'/usr/bin/php' 'artisan' 'queue:work' '--once' '--queue=default' '--delay=0' '--memory=128' '--sleep=3' '--tries=1'" exceeded the timeout of 60 seconds.

  at /run/media/krunaldodiya/Softwares/Code/Sawal/sawalbemisaal.pauzr.com/vendor/symfony/process/Process.php:1201

   Symfony\Component\Process\Exception\ProcessTimedOutException 

  The process "'/usr/bin/php' 'artisan' 'queue:work' '--once' '--queue=default' '--delay=0' '--memory=128' '--sleep=3' '--tries=1'" exceeded the timeout of 60 seconds.

  at /run/media/krunaldodiya/Softwares/Code/Sawal/sawalbemisaal.pauzr.com/vendor/symfony/process/Process.php:1201

   Symfony\Component\Process\Exception\ProcessTimedOutException 

  The process "'/usr/bin/php' 'artisan' 'queue:work' '--once' '--queue=default' '--delay=0' '--memory=128' '--sleep=3' '--tries=1'" exceeded the timeout of 60 seconds.

  at /run/media/krunaldodiya/Softwares/Code/Sawal/sawalbemisaal.pauzr.com/vendor/symfony/process/Process.php:1201
    1197| 
    1198|         if (null !== $this->timeout && $this->timeout < microtime(true) - $this->starttime) {
    1199|             $this->stop(0);
    1200| 
  > 1201|             throw new ProcessTimedOutException($this, ProcessTimedOutException::TYPE_GENERAL);
    1202|         }
    1203| 
    1204|         if (null !== $this->idleTimeout && $this->idleTimeout < microtime(true) - $this->lastOutputTime) {
    1205|             $this->stop(0);
    1197| 
    1198|         if (null !== $this->timeout && $this->timeout < microtime(true) - $this->starttime) {
    1199|             $this->stop(0);
    1200| 
  > 1201|             throw new ProcessTimedOutException($this, ProcessTimedOutException::TYPE_GENERAL);
    1202|         }
    1203| 
    1204|         if (null !== $this->idleTimeout && $this->idleTimeout < microtime(true) - $this->lastOutputTime) {
    1205|             $this->stop(0);
    1197| 
    1198|         if (null !== $this->timeout && $this->timeout < microtime(true) - $this->starttime) {
    1199|             $this->stop(0);
    1200| 
  > 1201|             throw new ProcessTimedOutException($this, ProcessTimedOutException::TYPE_GENERAL);
    1202|         }
    1203| 
    1204|         if (null !== $this->idleTimeout && $this->idleTimeout < microtime(true) - $this->lastOutputTime) {
    1205|             $this->stop(0);
    1197| 
    1198|         if (null !== $this->timeout && $this->timeout < microtime(true) - $this->starttime) {
    1199|             $this->stop(0);
    1200| 
  > 1201|             throw new ProcessTimedOutException($this, ProcessTimedOutException::TYPE_GENERAL);
    1202|         }
    1203| 
    1204|         if (null !== $this->idleTimeout && $this->idleTimeout < microtime(true) - $this->lastOutputTime) {
    1205|             $this->stop(0);
    1197| 
    1198|         if (null !== $this->timeout && $this->timeout < microtime(true) - $this->starttime) {
    1199|             $this->stop(0);
    1200| 
  > 1201|             throw new ProcessTimedOutException($this, ProcessTimedOutException::TYPE_GENERAL);
    1202|         }
    1203| 
    1204|         if (null !== $this->idleTimeout && $this->idleTimeout < microtime(true) - $this->lastOutputTime) {
    1205|             $this->stop(0);
    1197| 
    1198|         if (null !== $this->timeout && $this->timeout < microtime(true) - $this->starttime) {
    1199|             $this->stop(0);
    1200| 
  > 1201|             throw new ProcessTimedOutException($this, ProcessTimedOutException::TYPE_GENERAL);
    1202|         }
    1203| 
    1204|         if (null !== $this->idleTimeout && $this->idleTimeout < microtime(true) - $this->lastOutputTime) {
    1205|             $this->stop(0);
    1197| 
    1198|         if (null !== $this->timeout && $this->timeout < microtime(true) - $this->starttime) {
    1199|             $this->stop(0);
    1200| 
  > 1201|             throw new ProcessTimedOutException($this, ProcessTimedOutException::TYPE_GENERAL);
    1202|         }
    1203| 
    1204|         if (null !== $this->idleTimeout && $this->idleTimeout < microtime(true) - $this->lastOutputTime) {
    1205|             $this->stop(0);
    1197| 
    1198|         if (null !== $this->timeout && $this->timeout < microtime(true) - $this->starttime) {
    1199|             $this->stop(0);
    1200| 
  > 1201|             throw new ProcessTimedOutException($this, ProcessTimedOutException::TYPE_GENERAL);
    1202|         }
    1203| 
    1204|         if (null !== $this->idleTimeout && $this->idleTimeout < microtime(true) - $this->lastOutputTime) {
    1205|             $this->stop(0);

      [2m+19 vendor frames [22m

      [2m+19 vendor frames [22m
      [2m+19 vendor frames [22m
  20  /run/media/krunaldodiya/Softwares/Code/Sawal/sawalbemisaal.pauzr.com/artisan:37
      Illuminate\Foundation\Console\Kernel::handle()

      [2m+19 vendor frames [22m
  20  /run/media/krunaldodiya/Softwares/Code/Sawal/sawalbemisaal.pauzr.com/artisan:37
      Illuminate\Foundation\Console\Kernel::handle()
  20  /run/media/krunaldodiya/Softwares/Code/Sawal/sawalbemisaal.pauzr.com/artisan:37
      Illuminate\Foundation\Console\Kernel::handle()

  20  /run/media/krunaldodiya/Softwares/Code/Sawal/sawalbemisaal.pauzr.com/artisan:37
      Illuminate\Foundation\Console\Kernel::handle()

      [2m+19 vendor frames [22m
  20  /run/media/krunaldodiya/Softwares/Code/Sawal/sawalbemisaal.pauzr.com/artisan:37
      Illuminate\Foundation\Console\Kernel::handle()

      [2m+19 vendor frames [22m
  20  /run/media/krunaldodiya/Softwares/Code/Sawal/sawalbemisaal.pauzr.com/artisan:37
      Illuminate\Foundation\Console\Kernel::handle()

      [2m+19 vendor frames [22m
  20  /run/media/krunaldodiya/Softwares/Code/Sawal/sawalbemisaal.pauzr.com/artisan:37
      Illuminate\Foundation\Console\Kernel::handle()

      [2m+19 vendor frames [22m
  20  /run/media/krunaldodiya/Softwares/Code/Sawal/sawalbemisaal.pauzr.com/artisan:37
      Illuminate\Foundation\Console\Kernel::handle()

   Symfony\Component\Process\Exception\ProcessTimedOutException 

  The process "'/usr/bin/php' 'artisan' 'queue:work' '--once' '--queue=default' '--delay=0' '--memory=128' '--sleep=3' '--tries=1'" exceeded the timeout of 60 seconds.

  at /run/media/krunaldodiya/Softwares/Code/Sawal/sawalbemisaal.pauzr.com/vendor/symfony/process/Process.php:1201

   Symfony\Component\Process\Exception\ProcessTimedOutException 

  The process "'/usr/bin/php' 'artisan' 'queue:work' '--once' '--queue=default' '--delay=0' '--memory=128' '--sleep=3' '--tries=1'" exceeded the timeout of 60 seconds.

  at /run/media/krunaldodiya/Softwares/Code/Sawal/sawalbemisaal.pauzr.com/vendor/symfony/process/Process.php:1201
    1197| 
    1198|         if (null !== $this->timeout && $this->timeout < microtime(true) - $this->starttime) {
    1199|             $this->stop(0);
    1200| 
  > 1201|             throw new ProcessTimedOutException($this, ProcessTimedOutException::TYPE_GENERAL);
    1202|         }
    1203| 
    1204|         if (null !== $this->idleTimeout && $this->idleTimeout < microtime(true) - $this->lastOutputTime) {
    1205|             $this->stop(0);

   Symfony\Component\Process\Exception\ProcessTimedOutException 

  The process "'/usr/bin/php' 'artisan' 'queue:work' '--once' '--queue=default' '--delay=0' '--memory=128' '--sleep=3' '--tries=1'" exceeded the timeout of 60 seconds.

  at /run/media/krunaldodiya/Softwares/Code/Sawal/sawalbemisaal.pauzr.com/vendor/symfony/process/Process.php:1201
    1197| 
    1198|         if (null !== $this->timeout && $this->timeout < microtime(true) - $this->starttime) {
    1199|             $this->stop(0);
    1200| 
  > 1201|             throw new ProcessTimedOutException($this, ProcessTimedOutException::TYPE_GENERAL);
    1202|         }
    1203| 
    1204|         if (null !== $this->idleTimeout && $this->idleTimeout < microtime(true) - $this->lastOutputTime) {
    1205|             $this->stop(0);
    1197| 
    1198|         if (null !== $this->timeout && $this->timeout < microtime(true) - $this->starttime) {
    1199|             $this->stop(0);
    1200| 
  > 1201|             throw new ProcessTimedOutException($this, ProcessTimedOutException::TYPE_GENERAL);
    1202|         }
    1203| 
    1204|         if (null !== $this->idleTimeout && $this->idleTimeout < microtime(true) - $this->lastOutputTime) {
    1205|             $this->stop(0);

   Symfony\Component\Process\Exception\ProcessTimedOutException 

  The process "'/usr/bin/php' 'artisan' 'queue:work' '--once' '--queue=default' '--delay=0' '--memory=128' '--sleep=3' '--tries=1'" exceeded the timeout of 60 seconds.

  at /run/media/krunaldodiya/Softwares/Code/Sawal/sawalbemisaal.pauzr.com/vendor/symfony/process/Process.php:1201
    1197| 
    1198|         if (null !== $this->timeout && $this->timeout < microtime(true) - $this->starttime) {
    1199|             $this->stop(0);
    1200| 
  > 1201|             throw new ProcessTimedOutException($this, ProcessTimedOutException::TYPE_GENERAL);
    1202|         }
    1203| 
    1204|         if (null !== $this->idleTimeout && $this->idleTimeout < microtime(true) - $this->lastOutputTime) {
    1205|             $this->stop(0);

   Symfony\Component\Process\Exception\ProcessTimedOutException 

  The process "'/usr/bin/php' 'artisan' 'queue:work' '--once' '--queue=default' '--delay=0' '--memory=128' '--sleep=3' '--tries=1'" exceeded the timeout of 60 seconds.

  at /run/media/krunaldodiya/Softwares/Code/Sawal/sawalbemisaal.pauzr.com/vendor/symfony/process/Process.php:1201
    1197| 
    1198|         if (null !== $this->timeout && $this->timeout < microtime(true) - $this->starttime) {
    1199|             $this->stop(0);
    1200| 
  > 1201|             throw new ProcessTimedOutException($this, ProcessTimedOutException::TYPE_GENERAL);
    1202|         }
    1203| 
    1204|         if (null !== $this->idleTimeout && $this->idleTimeout < microtime(true) - $this->lastOutputTime) {
    1205|             $this->stop(0);

   Symfony\Component\Process\Exception\ProcessTimedOutException 

  The process "'/usr/bin/php' 'artisan' 'queue:work' '--once' '--queue=default' '--delay=0' '--memory=128' '--sleep=3' '--tries=1'" exceeded the timeout of 60 seconds.

  at /run/media/krunaldodiya/Softwares/Code/Sawal/sawalbemisaal.pauzr.com/vendor/symfony/process/Process.php:1201
    1197| 
    1198|         if (null !== $this->timeout && $this->timeout < microtime(true) - $this->starttime) {
    1199|             $this->stop(0);
    1200| 
  > 1201|             throw new ProcessTimedOutException($this, ProcessTimedOutException::TYPE_GENERAL);
    1202|         }
    1203| 
    1204|         if (null !== $this->idleTimeout && $this->idleTimeout < microtime(true) - $this->lastOutputTime) {
    1205|             $this->stop(0);

   Symfony\Component\Process\Exception\ProcessTimedOutException 

  The process "'/usr/bin/php' 'artisan' 'queue:work' '--once' '--queue=default' '--delay=0' '--memory=128' '--sleep=3' '--tries=1'" exceeded the timeout of 60 seconds.

  at /run/media/krunaldodiya/Softwares/Code/Sawal/sawalbemisaal.pauzr.com/vendor/symfony/process/Process.php:1201
    1197| 
    1198|         if (null !== $this->timeout && $this->timeout < microtime(true) - $this->starttime) {
    1199|             $this->stop(0);
    1200| 
  > 1201|             throw new ProcessTimedOutException($this, ProcessTimedOutException::TYPE_GENERAL);
    1202|         }
    1203| 
    1204|         if (null !== $this->idleTimeout && $this->idleTimeout < microtime(true) - $this->lastOutputTime) {
    1205|             $this->stop(0);

   Symfony\Component\Process\Exception\ProcessTimedOutException 

  The process "'/usr/bin/php' 'artisan' 'queue:work' '--once' '--queue=default' '--delay=0' '--memory=128' '--sleep=3' '--tries=1'" exceeded the timeout of 60 seconds.

  at /run/media/krunaldodiya/Softwares/Code/Sawal/sawalbemisaal.pauzr.com/vendor/symfony/process/Process.php:1201
    1197| 
    1198|         if (null !== $this->timeout && $this->timeout < microtime(true) - $this->starttime) {
    1199|             $this->stop(0);
    1200| 
  > 1201|             throw new ProcessTimedOutException($this, ProcessTimedOutException::TYPE_GENERAL);
    1202|         }
    1203| 
    1204|         if (null !== $this->idleTimeout && $this->idleTimeout < microtime(true) - $this->lastOutputTime) {
    1205|             $this->stop(0);

      [2m+19 vendor frames [22m
      [2m+19 vendor frames [22m
  20  /run/media/krunaldodiya/Softwares/Code/Sawal/sawalbemisaal.pauzr.com/artisan:37
      Illuminate\Foundation\Console\Kernel::handle()

      [2m+19 vendor frames [22m
  20  /run/media/krunaldodiya/Softwares/Code/Sawal/sawalbemisaal.pauzr.com/artisan:37
      Illuminate\Foundation\Console\Kernel::handle()

      [2m+19 vendor frames [22m
  20  /run/media/krunaldodiya/Softwares/Code/Sawal/sawalbemisaal.pauzr.com/artisan:37
      Illuminate\Foundation\Console\Kernel::handle()

      [2m+19 vendor frames [22m
  20  /run/media/krunaldodiya/Softwares/Code/Sawal/sawalbemisaal.pauzr.com/artisan:37
      Illuminate\Foundation\Console\Kernel::handle()

      [2m+19 vendor frames [22m
  20  /run/media/krunaldodiya/Softwares/Code/Sawal/sawalbemisaal.pauzr.com/artisan:37
      Illuminate\Foundation\Console\Kernel::handle()

  20  /run/media/krunaldodiya/Softwares/Code/Sawal/sawalbemisaal.pauzr.com/artisan:37
      Illuminate\Foundation\Console\Kernel::handle()

      [2m+19 vendor frames [22m
      [2m+19 vendor frames [22m
  20  /run/media/krunaldodiya/Softwares/Code/Sawal/sawalbemisaal.pauzr.com/artisan:37
      Illuminate\Foundation\Console\Kernel::handle()

  20  /run/media/krunaldodiya/Softwares/Code/Sawal/sawalbemisaal.pauzr.com/artisan:37
      Illuminate\Foundation\Console\Kernel::handle()

   Symfony\Component\Process\Exception\ProcessTimedOutException 

  The process "'/usr/bin/php' 'artisan' 'queue:work' '--once' '--queue=default' '--delay=0' '--memory=128' '--sleep=3' '--tries=1'" exceeded the timeout of 60 seconds.

  at /run/media/krunaldodiya/Softwares/Code/Sawal/sawalbemisaal.pauzr.com/vendor/symfony/process/Process.php:1201

   Symfony\Component\Process\Exception\ProcessTimedOutException 

  The process "'/usr/bin/php' 'artisan' 'queue:work' '--once' '--queue=default' '--delay=0' '--memory=128' '--sleep=3' '--tries=1'" exceeded the timeout of 60 seconds.

  at /run/media/krunaldodiya/Softwares/Code/Sawal/sawalbemisaal.pauzr.com/vendor/symfony/process/Process.php:1201
    1197| 
    1198|         if (null !== $this->timeout && $this->timeout < microtime(true) - $this->starttime) {
    1199|             $this->stop(0);
    1200| 
  > 1201|             throw new ProcessTimedOutException($this, ProcessTimedOutException::TYPE_GENERAL);
    1202|         }
    1203| 
    1204|         if (null !== $this->idleTimeout && $this->idleTimeout < microtime(true) - $this->lastOutputTime) {
    1205|             $this->stop(0);

   Symfony\Component\Process\Exception\ProcessTimedOutException 

  The process "'/usr/bin/php' 'artisan' 'queue:work' '--once' '--queue=default' '--delay=0' '--memory=128' '--sleep=3' '--tries=1'" exceeded the timeout of 60 seconds.

  at /run/media/krunaldodiya/Softwares/Code/Sawal/sawalbemisaal.pauzr.com/vendor/symfony/process/Process.php:1201
    1197| 
    1198|         if (null !== $this->timeout && $this->timeout < microtime(true) - $this->starttime) {
    1199|             $this->stop(0);
    1200| 
  > 1201|             throw new ProcessTimedOutException($this, ProcessTimedOutException::TYPE_GENERAL);
    1202|         }
    1203| 
    1204|         if (null !== $this->idleTimeout && $this->idleTimeout < microtime(true) - $this->lastOutputTime) {
    1205|             $this->stop(0);

   Symfony\Component\Process\Exception\ProcessTimedOutException 

  The process "'/usr/bin/php' 'artisan' 'queue:work' '--once' '--queue=default' '--delay=0' '--memory=128' '--sleep=3' '--tries=1'" exceeded the timeout of 60 seconds.

  at /run/media/krunaldodiya/Softwares/Code/Sawal/sawalbemisaal.pauzr.com/vendor/symfony/process/Process.php:1201
    1197| 
    1198|         if (null !== $this->timeout && $this->timeout < microtime(true) - $this->starttime) {
    1199|             $this->stop(0);
    1200| 
  > 1201|             throw new ProcessTimedOutException($this, ProcessTimedOutException::TYPE_GENERAL);
    1202|         }
    1203| 
    1204|         if (null !== $this->idleTimeout && $this->idleTimeout < microtime(true) - $this->lastOutputTime) {
    1205|             $this->stop(0);

   Symfony\Component\Process\Exception\ProcessTimedOutException 

  The process "'/usr/bin/php' 'artisan' 'queue:work' '--once' '--queue=default' '--delay=0' '--memory=128' '--sleep=3' '--tries=1'" exceeded the timeout of 60 seconds.

  at /run/media/krunaldodiya/Softwares/Code/Sawal/sawalbemisaal.pauzr.com/vendor/symfony/process/Process.php:1201
    1197| 
    1198|         if (null !== $this->timeout && $this->timeout < microtime(true) - $this->starttime) {
    1199|             $this->stop(0);
    1200| 
  > 1201|             throw new ProcessTimedOutException($this, ProcessTimedOutException::TYPE_GENERAL);
    1202|         }
    1203| 
    1204|         if (null !== $this->idleTimeout && $this->idleTimeout < microtime(true) - $this->lastOutputTime) {
    1205|             $this->stop(0);
    1197| 
    1198|         if (null !== $this->timeout && $this->timeout < microtime(true) - $this->starttime) {
    1199|             $this->stop(0);
    1200| 
  > 1201|             throw new ProcessTimedOutException($this, ProcessTimedOutException::TYPE_GENERAL);
    1202|         }
    1203| 
    1204|         if (null !== $this->idleTimeout && $this->idleTimeout < microtime(true) - $this->lastOutputTime) {
    1205|             $this->stop(0);

   Symfony\Component\Process\Exception\ProcessTimedOutException 

  The process "'/usr/bin/php' 'artisan' 'queue:work' '--once' '--queue=default' '--delay=0' '--memory=128' '--sleep=3' '--tries=1'" exceeded the timeout of 60 seconds.

  at /run/media/krunaldodiya/Softwares/Code/Sawal/sawalbemisaal.pauzr.com/vendor/symfony/process/Process.php:1201
    1197| 
    1198|         if (null !== $this->timeout && $this->timeout < microtime(true) - $this->starttime) {
    1199|             $this->stop(0);
    1200| 
  > 1201|             throw new ProcessTimedOutException($this, ProcessTimedOutException::TYPE_GENERAL);
    1202|         }
    1203| 
    1204|         if (null !== $this->idleTimeout && $this->idleTimeout < microtime(true) - $this->lastOutputTime) {
    1205|             $this->stop(0);

   Symfony\Component\Process\Exception\ProcessTimedOutException 

  The process "'/usr/bin/php' 'artisan' 'queue:work' '--once' '--queue=default' '--delay=0' '--memory=128' '--sleep=3' '--tries=1'" exceeded the timeout of 60 seconds.

  at /run/media/krunaldodiya/Softwares/Code/Sawal/sawalbemisaal.pauzr.com/vendor/symfony/process/Process.php:1201
    1197| 
    1198|         if (null !== $this->timeout && $this->timeout < microtime(true) - $this->starttime) {
    1199|             $this->stop(0);
    1200| 
  > 1201|             throw new ProcessTimedOutException($this, ProcessTimedOutException::TYPE_GENERAL);
    1202|         }
    1203| 
    1204|         if (null !== $this->idleTimeout && $this->idleTimeout < microtime(true) - $this->lastOutputTime) {
    1205|             $this->stop(0);

   Symfony\Component\Process\Exception\ProcessTimedOutException 

  The process "'/usr/bin/php' 'artisan' 'queue:work' '--once' '--queue=default' '--delay=0' '--memory=128' '--sleep=3' '--tries=1'" exceeded the timeout of 60 seconds.

  at /run/media/krunaldodiya/Softwares/Code/Sawal/sawalbemisaal.pauzr.com/vendor/symfony/process/Process.php:1201
    1197| 
    1198|         if (null !== $this->timeout && $this->timeout < microtime(true) - $this->starttime) {
    1199|             $this->stop(0);
    1200| 
  > 1201|             throw new ProcessTimedOutException($this, ProcessTimedOutException::TYPE_GENERAL);
    1202|         }
    1203| 
    1204|         if (null !== $this->idleTimeout && $this->idleTimeout < microtime(true) - $this->lastOutputTime) {
    1205|             $this->stop(0);

      [2m+19 vendor frames [22m
      [2m+19 vendor frames [22m
  20  /run/media/krunaldodiya/Softwares/Code/Sawal/sawalbemisaal.pauzr.com/artisan:37
      Illuminate\Foundation\Console\Kernel::handle()

  20  /run/media/krunaldodiya/Softwares/Code/Sawal/sawalbemisaal.pauzr.com/artisan:37

      [2m+19 vendor frames [22m
  20  /run/media/krunaldodiya/Softwares/Code/Sawal/sawalbemisaal.pauzr.com/artisan:37
      Illuminate\Foundation\Console\Kernel::handle()

      [2m+19 vendor frames [22m
  20  /run/media/krunaldodiya/Softwares/Code/Sawal/sawalbemisaal.pauzr.com/artisan:37
      Illuminate\Foundation\Console\Kernel::handle()
      Illuminate\Foundation\Console\Kernel::handle()

      [2m+19 vendor frames [22m
      [2m+19 vendor frames [22m
  20  /run/media/krunaldodiya/Softwares/Code/Sawal/sawalbemisaal.pauzr.com/artisan:37
      Illuminate\Foundation\Console\Kernel::handle()

      [2m+19 vendor frames [22m
      [2m+19 vendor frames [22m
  20  /run/media/krunaldodiya/Softwares/Code/Sawal/sawalbemisaal.pauzr.com/artisan:37
      Illuminate\Foundation\Console\Kernel::handle()


  20  /run/media/krunaldodiya/Softwares/Code/Sawal/sawalbemisaal.pauzr.com/artisan:37
      Illuminate\Foundation\Console\Kernel::handle()
  20  /run/media/krunaldodiya/Softwares/Code/Sawal/sawalbemisaal.pauzr.com/artisan:37
      Illuminate\Foundation\Console\Kernel::handle()

   Symfony\Component\Process\Exception\ProcessTimedOutException 

  The process "'/usr/bin/php' 'artisan' 'queue:work' '--once' '--queue=default' '--delay=0' '--memory=128' '--sleep=3' '--tries=1'" exceeded the timeout of 60 seconds.

  at /run/media/krunaldodiya/Softwares/Code/Sawal/sawalbemisaal.pauzr.com/vendor/symfony/process/Process.php:1201

   Symfony\Component\Process\Exception\ProcessTimedOutException 

  The process "'/usr/bin/php' 'artisan' 'queue:work' '--once' '--queue=default' '--delay=0' '--memory=128' '--sleep=3' '--tries=1'" exceeded the timeout of 60 seconds.

  at /run/media/krunaldodiya/Softwares/Code/Sawal/sawalbemisaal.pauzr.com/vendor/symfony/process/Process.php:1201
    1197| 
    1198|         if (null !== $this->timeout && $this->timeout < microtime(true) - $this->starttime) {
    1199|             $this->stop(0);
    1200| 
  > 1201|             throw new ProcessTimedOutException($this, ProcessTimedOutException::TYPE_GENERAL);
    1202|         }
    1203| 
    1204|         if (null !== $this->idleTimeout && $this->idleTimeout < microtime(true) - $this->lastOutputTime) {
    1205|             $this->stop(0);
    1197| 
    1198|         if (null !== $this->timeout && $this->timeout < microtime(true) - $this->starttime) {
    1199|             $this->stop(0);
    1200| 
  > 1201|             throw new ProcessTimedOutException($this, ProcessTimedOutException::TYPE_GENERAL);
    1202|         }
    1203| 
    1204|         if (null !== $this->idleTimeout && $this->idleTimeout < microtime(true) - $this->lastOutputTime) {
    1205|             $this->stop(0);

      [2m+19 vendor frames [22m
  20  /run/media/krunaldodiya/Softwares/Code/Sawal/sawalbemisaal.pauzr.com/artisan:37
      Illuminate\Foundation\Console\Kernel::handle()

      [2m+19 vendor frames [22m
  20  /run/media/krunaldodiya/Softwares/Code/Sawal/sawalbemisaal.pauzr.com/artisan:37
      Illuminate\Foundation\Console\Kernel::handle()

   Symfony\Component\Process\Exception\ProcessTimedOutException 

  The process "'/usr/bin/php' 'artisan' 'queue:work' '--once' '--queue=default' '--delay=0' '--memory=128' '--sleep=3' '--tries=1'" exceeded the timeout of 60 seconds.

  at /run/media/krunaldodiya/Softwares/Code/Sawal/sawalbemisaal.pauzr.com/vendor/symfony/process/Process.php:1201

   Symfony\Component\Process\Exception\ProcessTimedOutException 

  The process "'/usr/bin/php' 'artisan' 'queue:work' '--once' '--queue=default' '--delay=0' '--memory=128' '--sleep=3' '--tries=1'" exceeded the timeout of 60 seconds.

  at /run/media/krunaldodiya/Softwares/Code/Sawal/sawalbemisaal.pauzr.com/vendor/symfony/process/Process.php:1201
    1197| 
    1198|         if (null !== $this->timeout && $this->timeout < microtime(true) - $this->starttime) {
    1199|             $this->stop(0);
    1200| 
  > 1201|             throw new ProcessTimedOutException($this, ProcessTimedOutException::TYPE_GENERAL);
    1202|         }
    1203| 
    1204|         if (null !== $this->idleTimeout && $this->idleTimeout < microtime(true) - $this->lastOutputTime) {
    1205|             $this->stop(0);
    1197| 
    1198|         if (null !== $this->timeout && $this->timeout < microtime(true) - $this->starttime) {
    1199|             $this->stop(0);
    1200| 
  > 1201|             throw new ProcessTimedOutException($this, ProcessTimedOutException::TYPE_GENERAL);
    1202|         }
    1203| 
    1204|         if (null !== $this->idleTimeout && $this->idleTimeout < microtime(true) - $this->lastOutputTime) {
    1205|             $this->stop(0);

   Symfony\Component\Process\Exception\ProcessTimedOutException 

  The process "'/usr/bin/php' 'artisan' 'queue:work' '--once' '--queue=default' '--delay=0' '--memory=128' '--sleep=3' '--tries=1'" exceeded the timeout of 60 seconds.

  at /run/media/krunaldodiya/Softwares/Code/Sawal/sawalbemisaal.pauzr.com/vendor/symfony/process/Process.php:1201
    1197| 
    1198|         if (null !== $this->timeout && $this->timeout < microtime(true) - $this->starttime) {
    1199|             $this->stop(0);
    1200| 
  > 1201|             throw new ProcessTimedOutException($this, ProcessTimedOutException::TYPE_GENERAL);
    1202|         }
    1203| 
    1204|         if (null !== $this->idleTimeout && $this->idleTimeout < microtime(true) - $this->lastOutputTime) {
    1205|             $this->stop(0);

   Symfony\Component\Process\Exception\ProcessTimedOutException 

  The process "'/usr/bin/php' 'artisan' 'queue:work' '--once' '--queue=default' '--delay=0' '--memory=128' '--sleep=3' '--tries=1'" exceeded the timeout of 60 seconds.

  at /run/media/krunaldodiya/Softwares/Code/Sawal/sawalbemisaal.pauzr.com/vendor/symfony/process/Process.php:1201
    1197| 
    1198|         if (null !== $this->timeout && $this->timeout < microtime(true) - $this->starttime) {
    1199|             $this->stop(0);
    1200| 
  > 1201|             throw new ProcessTimedOutException($this, ProcessTimedOutException::TYPE_GENERAL);
    1202|         }
    1203| 
    1204|         if (null !== $this->idleTimeout && $this->idleTimeout < microtime(true) - $this->lastOutputTime) {
    1205|             $this->stop(0);

   Symfony\Component\Process\Exception\ProcessTimedOutException 

  The process "'/usr/bin/php' 'artisan' 'queue:work' '--once' '--queue=default' '--delay=0' '--memory=128' '--sleep=3' '--tries=1'" exceeded the timeout of 60 seconds.

  at /run/media/krunaldodiya/Softwares/Code/Sawal/sawalbemisaal.pauzr.com/vendor/symfony/process/Process.php:1201
    1197| 
    1198|         if (null !== $this->timeout && $this->timeout < microtime(true) - $this->starttime) {
    1199|             $this->stop(0);
    1200| 
  > 1201|             throw new ProcessTimedOutException($this, ProcessTimedOutException::TYPE_GENERAL);
    1202|         }
    1203| 
    1204|         if (null !== $this->idleTimeout && $this->idleTimeout < microtime(true) - $this->lastOutputTime) {
    1205|             $this->stop(0);

   Symfony\Component\Process\Exception\ProcessTimedOutException 

  The process "'/usr/bin/php' 'artisan' 'queue:work' '--once' '--queue=default' '--delay=0' '--memory=128' '--sleep=3' '--tries=1'" exceeded the timeout of 60 seconds.

  at /run/media/krunaldodiya/Softwares/Code/Sawal/sawalbemisaal.pauzr.com/vendor/symfony/process/Process.php:1201
    1197| 
    1198|         if (null !== $this->timeout && $this->timeout < microtime(true) - $this->starttime) {
    1199|             $this->stop(0);
    1200| 
  > 1201|             throw new ProcessTimedOutException($this, ProcessTimedOutException::TYPE_GENERAL);
    1202|         }
    1203| 
    1204|         if (null !== $this->idleTimeout && $this->idleTimeout < microtime(true) - $this->lastOutputTime) {
    1205|             $this->stop(0);

   Symfony\Component\Process\Exception\ProcessTimedOutException 

  The process "'/usr/bin/php' 'artisan' 'queue:work' '--once' '--queue=default' '--delay=0' '--memory=128' '--sleep=3' '--tries=1'" exceeded the timeout of 60 seconds.

  at /run/media/krunaldodiya/Softwares/Code/Sawal/sawalbemisaal.pauzr.com/vendor/symfony/process/Process.php:1201
    1197| 
    1198|         if (null !== $this->timeout && $this->timeout < microtime(true) - $this->starttime) {
    1199|             $this->stop(0);
    1200| 
  > 1201|             throw new ProcessTimedOutException($this, ProcessTimedOutException::TYPE_GENERAL);
    1202|         }
    1203| 
    1204|         if (null !== $this->idleTimeout && $this->idleTimeout < microtime(true) - $this->lastOutputTime) {
    1205|             $this->stop(0);

   Symfony\Component\Process\Exception\ProcessTimedOutException 

  The process "'/usr/bin/php' 'artisan' 'queue:work' '--once' '--queue=default' '--delay=0' '--memory=128' '--sleep=3' '--tries=1'" exceeded the timeout of 60 seconds.

  at /run/media/krunaldodiya/Softwares/Code/Sawal/sawalbemisaal.pauzr.com/vendor/symfony/process/Process.php:1201
    1197| 
    1198|         if (null !== $this->timeout && $this->timeout < microtime(true) - $this->starttime) {
    1199|             $this->stop(0);
    1200| 
  > 1201|             throw new ProcessTimedOutException($this, ProcessTimedOutException::TYPE_GENERAL);
    1202|         }
    1203| 
    1204|         if (null !== $this->idleTimeout && $this->idleTimeout < microtime(true) - $this->lastOutputTime) {
    1205|             $this->stop(0);

      [2m+19 vendor frames [22m

      [2m+19 vendor frames [22m

      [2m+19 vendor frames [22m
  20  /run/media/krunaldodiya/Softwares/Code/Sawal/sawalbemisaal.pauzr.com/artisan:37
      Illuminate\Foundation\Console\Kernel::handle()
  20  /run/media/krunaldodiya/Softwares/Code/Sawal/sawalbemisaal.pauzr.com/artisan:37
      Illuminate\Foundation\Console\Kernel::handle()
  20  /run/media/krunaldodiya/Softwares/Code/Sawal/sawalbemisaal.pauzr.com/artisan:37

      [2m+19 vendor frames [22m
  20  /run/media/krunaldodiya/Softwares/Code/Sawal/sawalbemisaal.pauzr.com/artisan:37
      Illuminate\Foundation\Console\Kernel::handle()
      Illuminate\Foundation\Console\Kernel::handle()

      [2m+19 vendor frames [22m
  20  /run/media/krunaldodiya/Softwares/Code/Sawal/sawalbemisaal.pauzr.com/artisan:37
      Illuminate\Foundation\Console\Kernel::handle()

      [2m+19 vendor frames [22m
  20  /run/media/krunaldodiya/Softwares/Code/Sawal/sawalbemisaal.pauzr.com/artisan:37
      Illuminate\Foundation\Console\Kernel::handle()

      [2m+19 vendor frames [22m
      [2m+19 vendor frames [22m
  20  /run/media/krunaldodiya/Softwares/Code/Sawal/sawalbemisaal.pauzr.com/artisan:37
      Illuminate\Foundation\Console\Kernel::handle()

  20  /run/media/krunaldodiya/Softwares/Code/Sawal/sawalbemisaal.pauzr.com/artisan:37
      Illuminate\Foundation\Console\Kernel::handle()

   Symfony\Component\Process\Exception\ProcessTimedOutException 

  The process "'/usr/bin/php' 'artisan' 'queue:work' '--once' '--queue=default' '--delay=0' '--memory=128' '--sleep=3' '--tries=1'" exceeded the timeout of 60 seconds.

  at /run/media/krunaldodiya/Softwares/Code/Sawal/sawalbemisaal.pauzr.com/vendor/symfony/process/Process.php:1201

   Symfony\Component\Process\Exception\ProcessTimedOutException 

  The process "'/usr/bin/php' 'artisan' 'queue:work' '--once' '--queue=default' '--delay=0' '--memory=128' '--sleep=3' '--tries=1'" exceeded the timeout of 60 seconds.

  at /run/media/krunaldodiya/Softwares/Code/Sawal/sawalbemisaal.pauzr.com/vendor/symfony/process/Process.php:1201
    1197| 
    1198|         if (null !== $this->timeout && $this->timeout < microtime(true) - $this->starttime) {
    1199|             $this->stop(0);
    1200| 
  > 1201|             throw new ProcessTimedOutException($this, ProcessTimedOutException::TYPE_GENERAL);
    1202|         }
    1203| 
    1204|         if (null !== $this->idleTimeout && $this->idleTimeout < microtime(true) - $this->lastOutputTime) {
    1205|             $this->stop(0);

   Symfony\Component\Process\Exception\ProcessTimedOutException 

  The process "'/usr/bin/php' 'artisan' 'queue:work' '--once' '--queue=default' '--delay=0' '--memory=128' '--sleep=3' '--tries=1'" exceeded the timeout of 60 seconds.

  at /run/media/krunaldodiya/Softwares/Code/Sawal/sawalbemisaal.pauzr.com/vendor/symfony/process/Process.php:1201
    1197| 
    1198|         if (null !== $this->timeout && $this->timeout < microtime(true) - $this->starttime) {
    1199|             $this->stop(0);
    1200| 
  > 1201|             throw new ProcessTimedOutException($this, ProcessTimedOutException::TYPE_GENERAL);
    1202|         }
    1203| 
    1204|         if (null !== $this->idleTimeout && $this->idleTimeout < microtime(true) - $this->lastOutputTime) {
    1205|             $this->stop(0);

   Symfony\Component\Process\Exception\ProcessTimedOutException 

  The process "'/usr/bin/php' 'artisan' 'queue:work' '--once' '--queue=default' '--delay=0' '--memory=128' '--sleep=3' '--tries=1'" exceeded the timeout of 60 seconds.

  at /run/media/krunaldodiya/Softwares/Code/Sawal/sawalbemisaal.pauzr.com/vendor/symfony/process/Process.php:1201
    1197| 
    1198|         if (null !== $this->timeout && $this->timeout < microtime(true) - $this->starttime) {
    1199|             $this->stop(0);
    1200| 
  > 1201|             throw new ProcessTimedOutException($this, ProcessTimedOutException::TYPE_GENERAL);
    1202|         }
    1203| 
    1204|         if (null !== $this->idleTimeout && $this->idleTimeout < microtime(true) - $this->lastOutputTime) {
    1205|             $this->stop(0);

   Symfony\Component\Process\Exception\ProcessTimedOutException 

  The process "'/usr/bin/php' 'artisan' 'queue:work' '--once' '--queue=default' '--delay=0' '--memory=128' '--sleep=3' '--tries=1'" exceeded the timeout of 60 seconds.

  at /run/media/krunaldodiya/Softwares/Code/Sawal/sawalbemisaal.pauzr.com/vendor/symfony/process/Process.php:1201
    1197| 
    1198|         if (null !== $this->timeout && $this->timeout < microtime(true) - $this->starttime) {
    1199|             $this->stop(0);
    1200| 
  > 1201|             throw new ProcessTimedOutException($this, ProcessTimedOutException::TYPE_GENERAL);
    1202|         }
    1203| 
    1204|         if (null !== $this->idleTimeout && $this->idleTimeout < microtime(true) - $this->lastOutputTime) {
    1205|             $this->stop(0);

   Symfony\Component\Process\Exception\ProcessTimedOutException 

  The process "'/usr/bin/php' 'artisan' 'queue:work' '--once' '--queue=default' '--delay=0' '--memory=128' '--sleep=3' '--tries=1'" exceeded the timeout of 60 seconds.

  at /run/media/krunaldodiya/Softwares/Code/Sawal/sawalbemisaal.pauzr.com/vendor/symfony/process/Process.php:1201
    1197| 
    1198|         if (null !== $this->timeout && $this->timeout < microtime(true) - $this->starttime) {
    1199|             $this->stop(0);
    1200| 
  > 1201|             throw new ProcessTimedOutException($this, ProcessTimedOutException::TYPE_GENERAL);
    1202|         }
    1203| 
    1204|         if (null !== $this->idleTimeout && $this->idleTimeout < microtime(true) - $this->lastOutputTime) {
    1205|             $this->stop(0);
    1197| 
    1198|         if (null !== $this->timeout && $this->timeout < microtime(true) - $this->starttime) {
    1199|             $this->stop(0);
    1200| 
  > 1201|             throw new ProcessTimedOutException($this, ProcessTimedOutException::TYPE_GENERAL);
    1202|         }
    1203| 
    1204|         if (null !== $this->idleTimeout && $this->idleTimeout < microtime(true) - $this->lastOutputTime) {
    1205|             $this->stop(0);

   Symfony\Component\Process\Exception\ProcessTimedOutException 

  The process "'/usr/bin/php' 'artisan' 'queue:work' '--once' '--queue=default' '--delay=0' '--memory=128' '--sleep=3' '--tries=1'" exceeded the timeout of 60 seconds.

  at /run/media/krunaldodiya/Softwares/Code/Sawal/sawalbemisaal.pauzr.com/vendor/symfony/process/Process.php:1201
    1197| 
    1198|         if (null !== $this->timeout && $this->timeout < microtime(true) - $this->starttime) {
    1199|             $this->stop(0);
    1200| 
  > 1201|             throw new ProcessTimedOutException($this, ProcessTimedOutException::TYPE_GENERAL);
    1202|         }
    1203| 
    1204|         if (null !== $this->idleTimeout && $this->idleTimeout < microtime(true) - $this->lastOutputTime) {
    1205|             $this->stop(0);

   Symfony\Component\Process\Exception\ProcessTimedOutException 

  The process "'/usr/bin/php' 'artisan' 'queue:work' '--once' '--queue=default' '--delay=0' '--memory=128' '--sleep=3' '--tries=1'" exceeded the timeout of 60 seconds.

  at /run/media/krunaldodiya/Softwares/Code/Sawal/sawalbemisaal.pauzr.com/vendor/symfony/process/Process.php:1201
    1197| 
    1198|         if (null !== $this->timeout && $this->timeout < microtime(true) - $this->starttime) {
    1199|             $this->stop(0);
    1200| 
  > 1201|             throw new ProcessTimedOutException($this, ProcessTimedOutException::TYPE_GENERAL);
    1202|         }
    1203| 
    1204|         if (null !== $this->idleTimeout && $this->idleTimeout < microtime(true) - $this->lastOutputTime) {
    1205|             $this->stop(0);

      [2m+19 vendor frames [22m
      [2m+19 vendor frames [22m
  20  /run/media/krunaldodiya/Softwares/Code/Sawal/sawalbemisaal.pauzr.com/artisan:37
      Illuminate\Foundation\Console\Kernel::handle()


      [2m+19 vendor frames [22m
  20  /run/media/krunaldodiya/Softwares/Code/Sawal/sawalbemisaal.pauzr.com/artisan:37

      [2m+19 vendor frames [22m
  20  /run/media/krunaldodiya/Softwares/Code/Sawal/sawalbemisaal.pauzr.com/artisan:37
      Illuminate\Foundation\Console\Kernel::handle()

      [2m+19 vendor frames [22m
  20  /run/media/krunaldodiya/Softwares/Code/Sawal/sawalbemisaal.pauzr.com/artisan:37
      Illuminate\Foundation\Console\Kernel::handle()
      Illuminate\Foundation\Console\Kernel::handle()
  20  /run/media/krunaldodiya/Softwares/Code/Sawal/sawalbemisaal.pauzr.com/artisan:37

      [2m+19 vendor frames [22m

      [2m+19 vendor frames [22m
  20  /run/media/krunaldodiya/Softwares/Code/Sawal/sawalbemisaal.pauzr.com/artisan:37
      Illuminate\Foundation\Console\Kernel::handle()
  20  /run/media/krunaldodiya/Softwares/Code/Sawal/sawalbemisaal.pauzr.com/artisan:37
      Illuminate\Foundation\Console\Kernel::handle()

      [2m+19 vendor frames [22m
  20  /run/media/krunaldodiya/Softwares/Code/Sawal/sawalbemisaal.pauzr.com/artisan:37
      Illuminate\Foundation\Console\Kernel::handle()
      Illuminate\Foundation\Console\Kernel::handle()

   Symfony\Component\Process\Exception\ProcessTimedOutException 

  The process "'/usr/bin/php' 'artisan' 'queue:work' '--once' '--queue=default' '--delay=0' '--memory=128' '--sleep=3' '--tries=1'" exceeded the timeout of 60 seconds.

  at /run/media/krunaldodiya/Softwares/Code/Sawal/sawalbemisaal.pauzr.com/vendor/symfony/process/Process.php:1201

   Symfony\Component\Process\Exception\ProcessTimedOutException 

  The process "'/usr/bin/php' 'artisan' 'queue:work' '--once' '--queue=default' '--delay=0' '--memory=128' '--sleep=3' '--tries=1'" exceeded the timeout of 60 seconds.

  at /run/media/krunaldodiya/Softwares/Code/Sawal/sawalbemisaal.pauzr.com/vendor/symfony/process/Process.php:1201
    1197| 
    1198|         if (null !== $this->timeout && $this->timeout < microtime(true) - $this->starttime) {
    1199|             $this->stop(0);
    1200| 
  > 1201|             throw new ProcessTimedOutException($this, ProcessTimedOutException::TYPE_GENERAL);
    1202|         }
    1203| 
    1204|         if (null !== $this->idleTimeout && $this->idleTimeout < microtime(true) - $this->lastOutputTime) {
    1205|             $this->stop(0);

   Symfony\Component\Process\Exception\ProcessTimedOutException 

  The process "'/usr/bin/php' 'artisan' 'queue:work' '--once' '--queue=default' '--delay=0' '--memory=128' '--sleep=3' '--tries=1'" exceeded the timeout of 60 seconds.

  at /run/media/krunaldodiya/Softwares/Code/Sawal/sawalbemisaal.pauzr.com/vendor/symfony/process/Process.php:1201
    1197| 
    1198|         if (null !== $this->timeout && $this->timeout < microtime(true) - $this->starttime) {
    1199|             $this->stop(0);
    1200| 
  > 1201|             throw new ProcessTimedOutException($this, ProcessTimedOutException::TYPE_GENERAL);
    1202|         }
    1203| 
    1204|         if (null !== $this->idleTimeout && $this->idleTimeout < microtime(true) - $this->lastOutputTime) {
    1205|             $this->stop(0);
    1197| 
    1198|         if (null !== $this->timeout && $this->timeout < microtime(true) - $this->starttime) {
    1199|             $this->stop(0);
    1200| 
  > 1201|             throw new ProcessTimedOutException($this, ProcessTimedOutException::TYPE_GENERAL);
    1202|         }
    1203| 
    1204|         if (null !== $this->idleTimeout && $this->idleTimeout < microtime(true) - $this->lastOutputTime) {
    1205|             $this->stop(0);

   Symfony\Component\Process\Exception\ProcessTimedOutException 

  The process "'/usr/bin/php' 'artisan' 'queue:work' '--once' '--queue=default' '--delay=0' '--memory=128' '--sleep=3' '--tries=1'" exceeded the timeout of 60 seconds.

  at /run/media/krunaldodiya/Softwares/Code/Sawal/sawalbemisaal.pauzr.com/vendor/symfony/process/Process.php:1201
    1197| 
    1198|         if (null !== $this->timeout && $this->timeout < microtime(true) - $this->starttime) {
    1199|             $this->stop(0);
    1200| 
  > 1201|             throw new ProcessTimedOutException($this, ProcessTimedOutException::TYPE_GENERAL);
    1202|         }
    1203| 
    1204|         if (null !== $this->idleTimeout && $this->idleTimeout < microtime(true) - $this->lastOutputTime) {
    1205|             $this->stop(0);

   Symfony\Component\Process\Exception\ProcessTimedOutException 

  The process "'/usr/bin/php' 'artisan' 'queue:work' '--once' '--queue=default' '--delay=0' '--memory=128' '--sleep=3' '--tries=1'" exceeded the timeout of 60 seconds.

  at /run/media/krunaldodiya/Softwares/Code/Sawal/sawalbemisaal.pauzr.com/vendor/symfony/process/Process.php:1201
    1197| 
    1198|         if (null !== $this->timeout && $this->timeout < microtime(true) - $this->starttime) {
    1199|             $this->stop(0);
    1200| 
  > 1201|             throw new ProcessTimedOutException($this, ProcessTimedOutException::TYPE_GENERAL);
    1202|         }
    1203| 
    1204|         if (null !== $this->idleTimeout && $this->idleTimeout < microtime(true) - $this->lastOutputTime) {
    1205|             $this->stop(0);

   Symfony\Component\Process\Exception\ProcessTimedOutException 

  The process "'/usr/bin/php' 'artisan' 'queue:work' '--once' '--queue=default' '--delay=0' '--memory=128' '--sleep=3' '--tries=1'" exceeded the timeout of 60 seconds.

  at /run/media/krunaldodiya/Softwares/Code/Sawal/sawalbemisaal.pauzr.com/vendor/symfony/process/Process.php:1201
    1197| 
    1198|         if (null !== $this->timeout && $this->timeout < microtime(true) - $this->starttime) {
    1199|             $this->stop(0);
    1200| 
  > 1201|             throw new ProcessTimedOutException($this, ProcessTimedOutException::TYPE_GENERAL);
    1202|         }
    1203| 
    1204|         if (null !== $this->idleTimeout && $this->idleTimeout < microtime(true) - $this->lastOutputTime) {
    1205|             $this->stop(0);

   Symfony\Component\Process\Exception\ProcessTimedOutException 

  The process "'/usr/bin/php' 'artisan' 'queue:work' '--once' '--queue=default' '--delay=0' '--memory=128' '--sleep=3' '--tries=1'" exceeded the timeout of 60 seconds.

  at /run/media/krunaldodiya/Softwares/Code/Sawal/sawalbemisaal.pauzr.com/vendor/symfony/process/Process.php:1201
    1197| 
    1198|         if (null !== $this->timeout && $this->timeout < microtime(true) - $this->starttime) {
    1199|             $this->stop(0);
    1200| 
  > 1201|             throw new ProcessTimedOutException($this, ProcessTimedOutException::TYPE_GENERAL);
    1202|         }
    1203| 
    1204|         if (null !== $this->idleTimeout && $this->idleTimeout < microtime(true) - $this->lastOutputTime) {
    1205|             $this->stop(0);

   Symfony\Component\Process\Exception\ProcessTimedOutException 

  The process "'/usr/bin/php' 'artisan' 'queue:work' '--once' '--queue=default' '--delay=0' '--memory=128' '--sleep=3' '--tries=1'" exceeded the timeout of 60 seconds.

  at /run/media/krunaldodiya/Softwares/Code/Sawal/sawalbemisaal.pauzr.com/vendor/symfony/process/Process.php:1201
    1197| 
    1198|         if (null !== $this->timeout && $this->timeout < microtime(true) - $this->starttime) {
    1199|             $this->stop(0);
    1200| 
  > 1201|             throw new ProcessTimedOutException($this, ProcessTimedOutException::TYPE_GENERAL);
    1202|         }
    1203| 
    1204|         if (null !== $this->idleTimeout && $this->idleTimeout < microtime(true) - $this->lastOutputTime) {
    1205|             $this->stop(0);

      [2m+19 vendor frames [22m
  20  /run/media/krunaldodiya/Softwares/Code/Sawal/sawalbemisaal.pauzr.com/artisan:37
      Illuminate\Foundation\Console\Kernel::handle()

      [2m+19 vendor frames [22m
  20  /run/media/krunaldodiya/Softwares/Code/Sawal/sawalbemisaal.pauzr.com/artisan:37
      Illuminate\Foundation\Console\Kernel::handle()

      [2m+19 vendor frames [22m
  20  /run/media/krunaldodiya/Softwares/Code/Sawal/sawalbemisaal.pauzr.com/artisan:37
      Illuminate\Foundation\Console\Kernel::handle()

      [2m+19 vendor frames [22m
  20  /run/media/krunaldodiya/Softwares/Code/Sawal/sawalbemisaal.pauzr.com/artisan:37
      Illuminate\Foundation\Console\Kernel::handle()

      [2m+19 vendor frames [22m
  20  /run/media/krunaldodiya/Softwares/Code/Sawal/sawalbemisaal.pauzr.com/artisan:37
      Illuminate\Foundation\Console\Kernel::handle()

      [2m+19 vendor frames [22m
  20  /run/media/krunaldodiya/Softwares/Code/Sawal/sawalbemisaal.pauzr.com/artisan:37
      Illuminate\Foundation\Console\Kernel::handle()

      [2m+19 vendor frames [22m
  20  /run/media/krunaldodiya/Softwares/Code/Sawal/sawalbemisaal.pauzr.com/artisan:37
      Illuminate\Foundation\Console\Kernel::handle()

      [2m+19 vendor frames [22m
  20  /run/media/krunaldodiya/Softwares/Code/Sawal/sawalbemisaal.pauzr.com/artisan:37
      Illuminate\Foundation\Console\Kernel::handle()

   Symfony\Component\Process\Exception\ProcessTimedOutException 

  The process "'/usr/bin/php' 'artisan' 'queue:work' '--once' '--queue=default' '--delay=0' '--memory=128' '--sleep=3' '--tries=1'" exceeded the timeout of 60 seconds.

  at /run/media/krunaldodiya/Softwares/Code/Sawal/sawalbemisaal.pauzr.com/vendor/symfony/process/Process.php:1201

   Symfony\Component\Process\Exception\ProcessTimedOutException 

  The process "'/usr/bin/php' 'artisan' 'queue:work' '--once' '--queue=default' '--delay=0' '--memory=128' '--sleep=3' '--tries=1'" exceeded the timeout of 60 seconds.

  at /run/media/krunaldodiya/Softwares/Code/Sawal/sawalbemisaal.pauzr.com/vendor/symfony/process/Process.php:1201
    1197| 
    1198|         if (null !== $this->timeout && $this->timeout < microtime(true) - $this->starttime) {
    1199|             $this->stop(0);
    1200| 
  > 1201|             throw new ProcessTimedOutException($this, ProcessTimedOutException::TYPE_GENERAL);
    1202|         }
    1203| 
    1204|         if (null !== $this->idleTimeout && $this->idleTimeout < microtime(true) - $this->lastOutputTime) {
    1205|             $this->stop(0);

   Symfony\Component\Process\Exception\ProcessTimedOutException 

  The process "'/usr/bin/php' 'artisan' 'queue:work' '--once' '--queue=default' '--delay=0' '--memory=128' '--sleep=3' '--tries=1'" exceeded the timeout of 60 seconds.

  at /run/media/krunaldodiya/Softwares/Code/Sawal/sawalbemisaal.pauzr.com/vendor/symfony/process/Process.php:1201
    1197| 
    1198|         if (null !== $this->timeout && $this->timeout < microtime(true) - $this->starttime) {
    1199|             $this->stop(0);
    1200| 
  > 1201|             throw new ProcessTimedOutException($this, ProcessTimedOutException::TYPE_GENERAL);
    1202|         }
    1203| 
    1204|         if (null !== $this->idleTimeout && $this->idleTimeout < microtime(true) - $this->lastOutputTime) {
    1205|             $this->stop(0);

   Symfony\Component\Process\Exception\ProcessTimedOutException 

  The process "'/usr/bin/php' 'artisan' 'queue:work' '--once' '--queue=default' '--delay=0' '--memory=128' '--sleep=3' '--tries=1'" exceeded the timeout of 60 seconds.

  at /run/media/krunaldodiya/Softwares/Code/Sawal/sawalbemisaal.pauzr.com/vendor/symfony/process/Process.php:1201
    1197| 
    1198|         if (null !== $this->timeout && $this->timeout < microtime(true) - $this->starttime) {
    1199|             $this->stop(0);
    1200| 
  > 1201|             throw new ProcessTimedOutException($this, ProcessTimedOutException::TYPE_GENERAL);
    1202|         }
    1203| 
    1204|         if (null !== $this->idleTimeout && $this->idleTimeout < microtime(true) - $this->lastOutputTime) {
    1205|             $this->stop(0);

   Symfony\Component\Process\Exception\ProcessTimedOutException 

  The process "'/usr/bin/php' 'artisan' 'queue:work' '--once' '--queue=default' '--delay=0' '--memory=128' '--sleep=3' '--tries=1'" exceeded the timeout of 60 seconds.

  at /run/media/krunaldodiya/Softwares/Code/Sawal/sawalbemisaal.pauzr.com/vendor/symfony/process/Process.php:1201
    1197| 
    1198|         if (null !== $this->timeout && $this->timeout < microtime(true) - $this->starttime) {
    1199|             $this->stop(0);
    1200| 
  > 1201|             throw new ProcessTimedOutException($this, ProcessTimedOutException::TYPE_GENERAL);
    1202|         }
    1203| 
    1204|         if (null !== $this->idleTimeout && $this->idleTimeout < microtime(true) - $this->lastOutputTime) {
    1205|             $this->stop(0);
    1197| 
    1198|         if (null !== $this->timeout && $this->timeout < microtime(true) - $this->starttime) {
    1199|             $this->stop(0);
    1200| 
  > 1201|             throw new ProcessTimedOutException($this, ProcessTimedOutException::TYPE_GENERAL);
    1202|         }
    1203| 
    1204|         if (null !== $this->idleTimeout && $this->idleTimeout < microtime(true) - $this->lastOutputTime) {
    1205|             $this->stop(0);

   Symfony\Component\Process\Exception\ProcessTimedOutException 

  The process "'/usr/bin/php' 'artisan' 'queue:work' '--once' '--queue=default' '--delay=0' '--memory=128' '--sleep=3' '--tries=1'" exceeded the timeout of 60 seconds.

  at /run/media/krunaldodiya/Softwares/Code/Sawal/sawalbemisaal.pauzr.com/vendor/symfony/process/Process.php:1201
    1197| 
    1198|         if (null !== $this->timeout && $this->timeout < microtime(true) - $this->starttime) {
    1199|             $this->stop(0);
    1200| 
  > 1201|             throw new ProcessTimedOutException($this, ProcessTimedOutException::TYPE_GENERAL);
    1202|         }
    1203| 
    1204|         if (null !== $this->idleTimeout && $this->idleTimeout < microtime(true) - $this->lastOutputTime) {
    1205|             $this->stop(0);

   Symfony\Component\Process\Exception\ProcessTimedOutException 

  The process "'/usr/bin/php' 'artisan' 'queue:work' '--once' '--queue=default' '--delay=0' '--memory=128' '--sleep=3' '--tries=1'" exceeded the timeout of 60 seconds.

  at /run/media/krunaldodiya/Softwares/Code/Sawal/sawalbemisaal.pauzr.com/vendor/symfony/process/Process.php:1201
    1197| 
    1198|         if (null !== $this->timeout && $this->timeout < microtime(true) - $this->starttime) {
    1199|             $this->stop(0);
    1200| 
  > 1201|             throw new ProcessTimedOutException($this, ProcessTimedOutException::TYPE_GENERAL);
    1202|         }
    1203| 
    1204|         if (null !== $this->idleTimeout && $this->idleTimeout < microtime(true) - $this->lastOutputTime) {
    1205|             $this->stop(0);

   Symfony\Component\Process\Exception\ProcessTimedOutException 

  The process "'/usr/bin/php' 'artisan' 'queue:work' '--once' '--queue=default' '--delay=0' '--memory=128' '--sleep=3' '--tries=1'" exceeded the timeout of 60 seconds.

  at /run/media/krunaldodiya/Softwares/Code/Sawal/sawalbemisaal.pauzr.com/vendor/symfony/process/Process.php:1201
    1197| 
    1198|         if (null !== $this->timeout && $this->timeout < microtime(true) - $this->starttime) {
    1199|             $this->stop(0);
    1200| 
  > 1201|             throw new ProcessTimedOutException($this, ProcessTimedOutException::TYPE_GENERAL);
    1202|         }
    1203| 
    1204|         if (null !== $this->idleTimeout && $this->idleTimeout < microtime(true) - $this->lastOutputTime) {
    1205|             $this->stop(0);

      [2m+19 vendor frames [22m
      [2m+19 vendor frames [22m
  20  /run/media/krunaldodiya/Softwares/Code/Sawal/sawalbemisaal.pauzr.com/artisan:37
      Illuminate\Foundation\Console\Kernel::handle()

      [2m+19 vendor frames [22m
  20  /run/media/krunaldodiya/Softwares/Code/Sawal/sawalbemisaal.pauzr.com/artisan:37
      Illuminate\Foundation\Console\Kernel::handle()

      [2m+19 vendor frames [22m
  20  /run/media/krunaldodiya/Softwares/Code/Sawal/sawalbemisaal.pauzr.com/artisan:37
      Illuminate\Foundation\Console\Kernel::handle()

      [2m+19 vendor frames [22m
  20  /run/media/krunaldodiya/Softwares/Code/Sawal/sawalbemisaal.pauzr.com/artisan:37
      Illuminate\Foundation\Console\Kernel::handle()

      [2m+19 vendor frames [22m
  20  /run/media/krunaldodiya/Softwares/Code/Sawal/sawalbemisaal.pauzr.com/artisan:37
      Illuminate\Foundation\Console\Kernel::handle()

      [2m+19 vendor frames [22m
  20  /run/media/krunaldodiya/Softwares/Code/Sawal/sawalbemisaal.pauzr.com/artisan:37
      Illuminate\Foundation\Console\Kernel::handle()

  20  /run/media/krunaldodiya/Softwares/Code/Sawal/sawalbemisaal.pauzr.com/artisan:37
      Illuminate\Foundation\Console\Kernel::handle()

      [2m+19 vendor frames [22m
  20  /run/media/krunaldodiya/Softwares/Code/Sawal/sawalbemisaal.pauzr.com/artisan:37
      Illuminate\Foundation\Console\Kernel::handle()
[2020-10-18 13:45:00][7] Processing: App\Jobs\NotifyBeforeStart
[2020-10-18 13:45:00][8] Processing: App\Jobs\CheckQuizStatus
[2020-10-18 13:45:01][7] Processed:  App\Jobs\NotifyBeforeStart
[2020-10-18 13:45:01][8] Processed:  App\Jobs\CheckQuizStatus

   Predis\Connection\ConnectionException 

  Connection refused [tcp://127.0.0.1:6379]

  at vendor/predis/predis/src/Connection/AbstractConnection.php:155
    151|      */
    152|     protected function onConnectionError($message, $code = null)
    153|     {
    154|         CommunicationException::handle(
  > 155|             new ConnectionException($this, static::createExceptionMessage($message), $code)
    156|         );
    157|     }
    158| 
    159|     /**

   Predis\Connection\ConnectionException 

  Connection refused [tcp://127.0.0.1:6379]

  at vendor/predis/predis/src/Connection/AbstractConnection.php:155
    151|      */
    152|     protected function onConnectionError($message, $code = null)
    153|     {
    154|         CommunicationException::handle(
  > 155|             new ConnectionException($this, static::createExceptionMessage($message), $code)
    156|         );
    157|     }
    158| 
    159|     /**


   Predis\Connection\ConnectionException 

  Connection refused [tcp://127.0.0.1:6379]

  at vendor/predis/predis/src/Connection/AbstractConnection.php:155
    151|      */
    152|     protected function onConnectionError($message, $code = null)
    153|     {
    154|         CommunicationException::handle(
  > 155|             new ConnectionException($this, static::createExceptionMessage($message), $code)
    156|         );
    157|     }
    158| 
    159|     /**
   Predis\Connection\ConnectionException 

  Connection refused [tcp://127.0.0.1:6379]

  at vendor/predis/predis/src/Connection/AbstractConnection.php:155
    151|      */
    152|     protected function onConnectionError($message, $code = null)
    153|     {
    154|         CommunicationException::handle(
  > 155|             new ConnectionException($this, static::createExceptionMessage($message), $code)
    156|         );
    157|     }
    158| 
    159|     /**
PHP Warning:  PHP Startup: Unable to load dynamic library 'gd' (tried: /usr/lib/php/modules/gd (/usr/lib/php/modules/gd: cannot open shared object file: No such file or directory), /usr/lib/php/modules/gd.so (libfreetype.so.6: cannot open shared object file: No such file or directory)) in Unknown on line 0
PHP Warning:  PHP Startup: Unable to load dynamic library 'gd' (tried: /usr/lib/php/modules/gd (/usr/lib/php/modules/gd: cannot open shared object file: No such file or directory), /usr/lib/php/modules/gd.so (libfreetype.so.6: cannot open shared object file: No such file or directory)) in Unknown on line 0
PHP Warning:  PHP Startup: Unable to load dynamic library 'gd' (tried: /usr/lib/php/modules/gd (/usr/lib/php/modules/gd: cannot open shared object file: No such file or directory), /usr/lib/php/modules/gd.so (libfreetype.so.6: cannot open shared object file: No such file or directory)) in Unknown on line 0
PHP Warning:  PHP Startup: Unable to load dynamic library 'gd' (tried: /usr/lib/php/modules/gd (/usr/lib/php/modules/gd: cannot open shared object file: No such file or directory), /usr/lib/php/modules/gd.so (libfreetype.so.6: cannot open shared object file: No such file or directory)) in Unknown on line 0
PHP Warning:  PHP Startup: Unable to load dynamic library 'gd' (tried: /usr/lib/php/modules/gd (/usr/lib/php/modules/gd: cannot open shared object file: No such file or directory), /usr/lib/php/modules/gd.so (libfreetype.so.6: cannot open shared object file: No such file or directory)) in Unknown on line 0
PHP Warning:  PHP Startup: Unable to load dynamic library 'gd' (tried: /usr/lib/php/modules/gd (/usr/lib/php/modules/gd: cannot open shared object file: No such file or directory), /usr/lib/php/modules/gd.so (libfreetype.so.6: cannot open shared object file: No such file or directory)) in Unknown on line 0
PHP Warning:  PHP Startup: Unable to load dynamic library 'gd' (tried: /usr/lib/php/modules/gd (/usr/lib/php/modules/gd: cannot open shared object file: No such file or directory), /usr/lib/php/modules/gd.so (libfreetype.so.6: cannot open shared object file: No such file or directory)) in Unknown on line 0
PHP Warning:  PHP Startup: Unable to load dynamic library 'gd' (tried: /usr/lib/php/modules/gd (/usr/lib/php/modules/gd: cannot open shared object file: No such file or directory), /usr/lib/php/modules/gd.so (libfreetype.so.6: cannot open shared object file: No such file or directory)) in Unknown on line 0
PHP Warning:  PHP Startup: Unable to load dynamic library 'gd' (tried: /usr/lib/php/modules/gd (/usr/lib/php/modules/gd: cannot open shared object file: No such file or directory), /usr/lib/php/modules/gd.so (libfreetype.so.6: cannot open shared object file: No such file or directory)) in Unknown on line 0
PHP Warning:  PHP Startup: Unable to load dynamic library 'gd' (tried: /usr/lib/php/modules/gd (/usr/lib/php/modules/gd: cannot open shared object file: No such file or directory), /usr/lib/php/modules/gd.so (libfreetype.so.6: cannot open shared object file: No such file or directory)) in Unknown on line 0
PHP Warning:  PHP Startup: Unable to load dynamic library 'gd' (tried: /usr/lib/php/modules/gd (/usr/lib/php/modules/gd: cannot open shared object file: No such file or directory), /usr/lib/php/modules/gd.so (libfreetype.so.6: cannot open shared object file: No such file or directory)) in Unknown on line 0
PHP Warning:  PHP Startup: Unable to load dynamic library 'gd' (tried: /usr/lib/php/modules/gd (/usr/lib/php/modules/gd: cannot open shared object file: No such file or directory), /usr/lib/php/modules/gd.so (libfreetype.so.6: cannot open shared object file: No such file or directory)) in Unknown on line 0
PHP Warning:  PHP Startup: Unable to load dynamic library 'gd' (tried: /usr/lib/php/modules/gd (/usr/lib/php/modules/gd: cannot open shared object file: No such file or directory), /usr/lib/php/modules/gd.so (libfreetype.so.6: cannot open shared object file: No such file or directory)) in Unknown on line 0
PHP Warning:  PHP Startup: Unable to load dynamic library 'gd' (tried: /usr/lib/php/modules/gd (/usr/lib/php/modules/gd: cannot open shared object file: No such file or directory), /usr/lib/php/modules/gd.so (libfreetype.so.6: cannot open shared object file: No such file or directory)) in Unknown on line 0
PHP Warning:  PHP Startup: Unable to load dynamic library 'gd' (tried: /usr/lib/php/modules/gd (/usr/lib/php/modules/gd: cannot open shared object file: No such file or directory), /usr/lib/php/modules/gd.so (libfreetype.so.6: cannot open shared object file: No such file or directory)) in Unknown on line 0
PHP Warning:  PHP Startup: Unable to load dynamic library 'gd' (tried: /usr/lib/php/modules/gd (/usr/lib/php/modules/gd: cannot open shared object file: No such file or directory), /usr/lib/php/modules/gd.so (libfreetype.so.6: cannot open shared object file: No such file or directory)) in Unknown on line 0
PHP Warning:  PHP Startup: Unable to load dynamic library 'gd' (tried: /usr/lib/php/modules/gd (/usr/lib/php/modules/gd: cannot open shared object file: No such file or directory), /usr/lib/php/modules/gd.so (libfreetype.so.6: cannot open shared object file: No such file or directory)) in Unknown on line 0
PHP Warning:  PHP Startup: Unable to load dynamic library 'gd' (tried: /usr/lib/php/modules/gd (/usr/lib/php/modules/gd: cannot open shared object file: No such file or directory), /usr/lib/php/modules/gd.so (libfreetype.so.6: cannot open shared object file: No such file or directory)) in Unknown on line 0
PHP Warning:  PHP Startup: Unable to load dynamic library 'gd' (tried: /usr/lib/php/modules/gd (/usr/lib/php/modules/gd: cannot open shared object file: No such file or directory), /usr/lib/php/modules/gd.so (libfreetype.so.6: cannot open shared object file: No such file or directory)) in Unknown on line 0
PHP Warning:  PHP Startup: Unable to load dynamic library 'gd' (tried: /usr/lib/php/modules/gd (/usr/lib/php/modules/gd: cannot open shared object file: No such file or directory), /usr/lib/php/modules/gd.so (libfreetype.so.6: cannot open shared object file: No such file or directory)) in Unknown on line 0
PHP Warning:  PHP Startup: Unable to load dynamic library 'gd' (tried: /usr/lib/php/modules/gd (/usr/lib/php/modules/gd: cannot open shared object file: No such file or directory), /usr/lib/php/modules/gd.so (libfreetype.so.6: cannot open shared object file: No such file or directory)) in Unknown on line 0
PHP Warning:  PHP Startup: Unable to load dynamic library 'gd' (tried: /usr/lib/php/modules/gd (/usr/lib/php/modules/gd: cannot open shared object file: No such file or directory), /usr/lib/php/modules/gd.so (libfreetype.so.6: cannot open shared object file: No such file or directory)) in Unknown on line 0
PHP Warning:  PHP Startup: Unable to load dynamic library 'gd' (tried: /usr/lib/php/modules/gd (/usr/lib/php/modules/gd: cannot open shared object file: No such file or directory), /usr/lib/php/modules/gd.so (libfreetype.so.6: cannot open shared object file: No such file or directory)) in Unknown on line 0
PHP Warning:  PHP Startup: Unable to load dynamic library 'gd' (tried: /usr/lib/php/modules/gd (/usr/lib/php/modules/gd: cannot open shared object file: No such file or directory), /usr/lib/php/modules/gd.so (libfreetype.so.6: cannot open shared object file: No such file or directory)) in Unknown on line 0
PHP Warning:  PHP Startup: Unable to load dynamic library 'gd' (tried: /usr/lib/php/modules/gd (/usr/lib/php/modules/gd: cannot open shared object file: No such file or directory), /usr/lib/php/modules/gd.so (libfreetype.so.6: cannot open shared object file: No such file or directory)) in Unknown on line 0
PHP Warning:  PHP Startup: Unable to load dynamic library 'gd' (tried: /usr/lib/php/modules/gd (/usr/lib/php/modules/gd: cannot open shared object file: No such file or directory), /usr/lib/php/modules/gd.so (libfreetype.so.6: cannot open shared object file: No such file or directory)) in Unknown on line 0
PHP Warning:  PHP Startup: Unable to load dynamic library 'gd' (tried: /usr/lib/php/modules/gd (/usr/lib/php/modules/gd: cannot open shared object file: No such file or directory), /usr/lib/php/modules/gd.so (libfreetype.so.6: cannot open shared object file: No such file or directory)) in Unknown on line 0
PHP Warning:  PHP Startup: Unable to load dynamic library 'gd' (tried: /usr/lib/php/modules/gd (/usr/lib/php/modules/gd: cannot open shared object file: No such file or directory), /usr/lib/php/modules/gd.so (libfreetype.so.6: cannot open shared object file: No such file or directory)) in Unknown on line 0
PHP Warning:  PHP Startup: Unable to load dynamic library 'gd' (tried: /usr/lib/php/modules/gd (/usr/lib/php/modules/gd: cannot open shared object file: No such file or directory), /usr/lib/php/modules/gd.so (libfreetype.so.6: cannot open shared object file: No such file or directory)) in Unknown on line 0
PHP Warning:  PHP Startup: Unable to load dynamic library 'gd' (tried: /usr/lib/php/modules/gd (/usr/lib/php/modules/gd: cannot open shared object file: No such file or directory), /usr/lib/php/modules/gd.so (libfreetype.so.6: cannot open shared object file: No such file or directory)) in Unknown on line 0
PHP Warning:  PHP Startup: Unable to load dynamic library 'gd' (tried: /usr/lib/php/modules/gd (/usr/lib/php/modules/gd: cannot open shared object file: No such file or directory), /usr/lib/php/modules/gd.so (libfreetype.so.6: cannot open shared object file: No such file or directory)) in Unknown on line 0
PHP Warning:  PHP Startup: Unable to load dynamic library 'gd' (tried: /usr/lib/php/modules/gd (/usr/lib/php/modules/gd: cannot open shared object file: No such file or directory), /usr/lib/php/modules/gd.so (libfreetype.so.6: cannot open shared object file: No such file or directory)) in Unknown on line 0
PHP Warning:  PHP Startup: Unable to load dynamic library 'gd' (tried: /usr/lib/php/modules/gd (/usr/lib/php/modules/gd: cannot open shared object file: No such file or directory), /usr/lib/php/modules/gd.so (libfreetype.so.6: cannot open shared object file: No such file or directory)) in Unknown on line 0
PHP Warning:  PHP Startup: Unable to load dynamic library 'gd' (tried: /usr/lib/php/modules/gd (/usr/lib/php/modules/gd: cannot open shared object file: No such file or directory), /usr/lib/php/modules/gd.so (libfreetype.so.6: cannot open shared object file: No such file or directory)) in Unknown on line 0
PHP Warning:  PHP Startup: Unable to load dynamic library 'gd' (tried: /usr/lib/php/modules/gd (/usr/lib/php/modules/gd: cannot open shared object file: No such file or directory), /usr/lib/php/modules/gd.so (libfreetype.so.6: cannot open shared object file: No such file or directory)) in Unknown on line 0
PHP Warning:  PHP Startup: Unable to load dynamic library 'gd' (tried: /usr/lib/php/modules/gd (/usr/lib/php/modules/gd: cannot open shared object file: No such file or directory), /usr/lib/php/modules/gd.so (libfreetype.so.6: cannot open shared object file: No such file or directory)) in Unknown on line 0
PHP Warning:  PHP Startup: Unable to load dynamic library 'gd' (tried: /usr/lib/php/modules/gd (/usr/lib/php/modules/gd: cannot open shared object file: No such file or directory), /usr/lib/php/modules/gd.so (libfreetype.so.6: cannot open shared object file: No such file or directory)) in Unknown on line 0

   Predis\Connection\ConnectionException 

  Connection refused [tcp://127.0.0.1:6379]

  at vendor/predis/predis/src/Connection/AbstractConnection.php:155
    151|      */
    152|     protected function onConnectionError($message, $code = null)
    153|     {
    154|         CommunicationException::handle(
  > 155|             new ConnectionException($this, static::createExceptionMessage($message), $code)
    156|         );
    157|     }
    158| 
    159|     /**

   Predis\Connection\ConnectionException 

  Connection refused [tcp://127.0.0.1:6379]

  at vendor/predis/predis/src/Connection/AbstractConnection.php:155
    151|      */
    152|     protected function onConnectionError($message, $code = null)
    153|     {
    154|         CommunicationException::handle(
  > 155|             new ConnectionException($this, static::createExceptionMessage($message), $code)
    156|         );
    157|     }
    158| 
    159|     /**

   Predis\Connection\ConnectionException 

  Connection refused [tcp://127.0.0.1:6379]

  at vendor/predis/predis/src/Connection/AbstractConnection.php:155
    151|      */
    152|     protected function onConnectionError($message, $code = null)
    153|     {
    154|         CommunicationException::handle(
  > 155|             new ConnectionException($this, static::createExceptionMessage($message), $code)
    156|         );
    157|     }
    158| 
    159|     /**

   Predis\Connection\ConnectionException 

  Connection refused [tcp://127.0.0.1:6379]

  at vendor/predis/predis/src/Connection/AbstractConnection.php:155
    151|      */
    152|     protected function onConnectionError($message, $code = null)
    153|     {
    154|         CommunicationException::handle(
  > 155|             new ConnectionException($this, static::createExceptionMessage($message), $code)
    156|         );
    157|     }
    158| 
    159|     /**

   Predis\Connection\ConnectionException 

  Connection refused [tcp://127.0.0.1:6379]

  at vendor/predis/predis/src/Connection/AbstractConnection.php:155
    151|      */
    152|     protected function onConnectionError($message, $code = null)
    153|     {
    154|         CommunicationException::handle(
  > 155|             new ConnectionException($this, static::createExceptionMessage($message), $code)
    156|         );
    157|     }
    158| 
    159|     /**

      [2m+28 vendor frames [22m
  29  [internal]:0
      Illuminate\Foundation\Application::Illuminate\Foundation\{closure}()

      [2m+5 vendor frames [22m
  35  artisan:37
      Illuminate\Foundation\Console\Kernel::handle()

      [2m+28 vendor frames [22m
      [2m+28 vendor frames [22m
  29  [internal]:0

      Illuminate\Foundation\Application::Illuminate\Foundation\{closure}()

      [2m+5 vendor frames [22m
  35  artisan:37
      Illuminate\Foundation\Console\Kernel::handle()
  29  [internal]:0
      Illuminate\Foundation\Application::Illuminate\Foundation\{closure}()

      [2m+5 vendor frames [22m
  35  artisan:37
      Illuminate\Foundation\Console\Kernel::handle()
[2020-10-26 10:15:00][9] Processing: App\Jobs\NotifyBeforeStart
[2020-10-26 10:15:01][9] Processed:  App\Jobs\NotifyBeforeStart
[2020-10-26 10:30:00][10] Processing: App\Jobs\CheckQuizStatus
[2020-10-26 10:30:01][10] Processed:  App\Jobs\CheckQuizStatus
[2020-10-26 12:15:01][11] Processing: App\Jobs\NotifyBeforeStart
[2020-10-26 12:15:02][11] Processed:  App\Jobs\NotifyBeforeStart
[2020-10-26 12:30:00][12] Processing: App\Jobs\CheckQuizStatus
[2020-10-26 12:30:01][12] Processed:  App\Jobs\CheckQuizStatus
[2020-10-26 18:15:00][11] Processing: App\Jobs\NotifyBeforeStart
[2020-10-26 18:15:01][11] Processed:  App\Jobs\NotifyBeforeStart
[2020-10-26 18:30:00][12] Processing: App\Jobs\CheckQuizStatus
[2020-10-26 18:30:00][12] Processed:  App\Jobs\CheckQuizStatus
[2020-10-26 19:15:00][13] Processing: App\Jobs\NotifyBeforeStart
[2020-10-26 19:15:01][13] Processed:  App\Jobs\NotifyBeforeStart
[2020-10-26 19:30:00][14] Processing: App\Jobs\CheckQuizStatus
[2020-10-26 19:30:00][14] Processed:  App\Jobs\CheckQuizStatus

   Predis\Connection\ConnectionException 

  Connection refused [tcp://127.0.0.1:6379]

  at vendor/predis/predis/src/Connection/AbstractConnection.php:155

   Predis\Connection\ConnectionException 

  Connection refused [tcp://127.0.0.1:6379]

  at vendor/predis/predis/src/Connection/AbstractConnection.php:155
    151|      */
    152|     protected function onConnectionError($message, $code = null)
    153|     {
    154|         CommunicationException::handle(
  > 155|             new ConnectionException($this, static::createExceptionMessage($message), $code)
    156|         );
    157|     }
    158| 
    159|     /**
    151|      */
    152|     protected function onConnectionError($message, $code = null)
    153|     {
    154|         CommunicationException::handle(
  > 155|             new ConnectionException($this, static::createExceptionMessage($message), $code)
    156|         );
    157|     }
    158| 
    159|     /**

      [2m+28 vendor frames [22m
  29  [internal]:0
      Illuminate\Foundation\Application::Illuminate\Foundation\{closure}()

      [2m+5 vendor frames [22m
  35  artisan:37
      Illuminate\Foundation\Console\Kernel::handle()

      [2m+28 vendor frames [22m
  29  [internal]:0
      Illuminate\Foundation\Application::Illuminate\Foundation\{closure}()

      [2m+5 vendor frames [22m
  35  artisan:37
      Illuminate\Foundation\Console\Kernel::handle()

   Predis\Connection\ConnectionException 

  Connection refused [tcp://127.0.0.1:6379]

  at vendor/predis/predis/src/Connection/AbstractConnection.php:155
    151|      */
    152|     protected function onConnectionError($message, $code = null)
    153|     {
    154|         CommunicationException::handle(
  > 155|             new ConnectionException($this, static::createExceptionMessage($message), $code)
    156|         );
    157|     }
    158| 
    159|     /**

   Predis\Connection\ConnectionException 

  Connection refused [tcp://127.0.0.1:6379]

  at vendor/predis/predis/src/Connection/AbstractConnection.php:155
    151|      */
    152|     protected function onConnectionError($message, $code = null)
    153|     {
    154|         CommunicationException::handle(
  > 155|             new ConnectionException($this, static::createExceptionMessage($message), $code)
    156|         );
    157|     }
    158| 
    159|     /**

      [2m+28 vendor frames [22m
  29  [internal]:0
      Illuminate\Foundation\Application::Illuminate\Foundation\{closure}()

      [2m+5 vendor frames [22m
  35  artisan:37
      Illuminate\Foundation\Console\Kernel::handle()
[2020-10-27 09:45:01][15] Processing: App\Jobs\NotifyBeforeStart
[2020-10-27 09:45:01][15] Processed:  App\Jobs\NotifyBeforeStart
[2020-10-27 10:00:00][16] Processing: App\Jobs\CheckQuizStatus
[2020-10-27 10:00:01][16] Processed:  App\Jobs\CheckQuizStatus
[2020-10-27 10:45:01][17] Processing: App\Jobs\NotifyBeforeStart
[2020-10-27 10:45:01][17] Processed:  App\Jobs\NotifyBeforeStart
[2020-10-27 11:00:00][18] Processing: App\Jobs\CheckQuizStatus
[2020-10-27 11:00:00][18] Processed:  App\Jobs\CheckQuizStatus
[2020-10-28 08:01:14][21] Processing: App\Jobs\NotifyBeforeStart
[2020-10-28 08:01:14][22] Processing: App\Jobs\CheckQuizStatus
[2020-10-28 08:01:14][20] Processing: App\Jobs\CheckQuizStatus
[2020-10-28 08:01:14][19] Processing: App\Jobs\NotifyBeforeStart
[2020-10-28 08:01:15][20] Failed:     App\Jobs\CheckQuizStatus
[2020-10-28 08:01:15][19] Failed:     App\Jobs\NotifyBeforeStart
[2020-10-28 08:01:15][21] Processed:  App\Jobs\NotifyBeforeStart
[2020-10-28 08:01:15][22] Processed:  App\Jobs\CheckQuizStatus

   Symfony\Component\Process\Exception\ProcessTimedOutException 

  The process "'/usr/bin/php' 'artisan' 'queue:work' '--once' '--queue=default' '--delay=0' '--memory=128' '--sleep=3' '--tries=1'" exceeded the timeout of 60 seconds.

  at /run/media/krunaldodiya/Softwares/Code/Sawal/sawalbemisaal.pauzr.com/vendor/symfony/process/Process.php:1201

   Symfony\Component\Process\Exception\ProcessTimedOutException 

  The process "'/usr/bin/php' 'artisan' 'queue:work' '--once' '--queue=default' '--delay=0' '--memory=128' '--sleep=3' '--tries=1'" exceeded the timeout of 60 seconds.

  at /run/media/krunaldodiya/Softwares/Code/Sawal/sawalbemisaal.pauzr.com/vendor/symfony/process/Process.php:1201

   Symfony\Component\Process\Exception\ProcessTimedOutException 

  The process "'/usr/bin/php' 'artisan' 'queue:work' '--once' '--queue=default' '--delay=0' '--memory=128' '--sleep=3' '--tries=1'" exceeded the timeout of 60 seconds.

  at /run/media/krunaldodiya/Softwares/Code/Sawal/sawalbemisaal.pauzr.com/vendor/symfony/process/Process.php:1201

   Symfony\Component\Process\Exception\ProcessTimedOutException 

  The process "'/usr/bin/php' 'artisan' 'queue:work' '--once' '--queue=default' '--delay=0' '--memory=128' '--sleep=3' '--tries=1'" exceeded the timeout of 60 seconds.

  at /run/media/krunaldodiya/Softwares/Code/Sawal/sawalbemisaal.pauzr.com/vendor/symfony/process/Process.php:1201

   Symfony\Component\Process\Exception\ProcessTimedOutException 

  The process "'/usr/bin/php' 'artisan' 'queue:work' '--once' '--queue=default' '--delay=0' '--memory=128' '--sleep=3' '--tries=1'" exceeded the timeout of 60 seconds.

  at /run/media/krunaldodiya/Softwares/Code/Sawal/sawalbemisaal.pauzr.com/vendor/symfony/process/Process.php:1201

   Symfony\Component\Process\Exception\ProcessTimedOutException 

  The process "'/usr/bin/php' 'artisan' 'queue:work' '--once' '--queue=default' '--delay=0' '--memory=128' '--sleep=3' '--tries=1'" exceeded the timeout of 60 seconds.

  at /run/media/krunaldodiya/Softwares/Code/Sawal/sawalbemisaal.pauzr.com/vendor/symfony/process/Process.php:1201

   Symfony\Component\Process\Exception\ProcessTimedOutException 

  The process "'/usr/bin/php' 'artisan' 'queue:work' '--once' '--queue=default' '--delay=0' '--memory=128' '--sleep=3' '--tries=1'" exceeded the timeout of 60 seconds.

  at /run/media/krunaldodiya/Softwares/Code/Sawal/sawalbemisaal.pauzr.com/vendor/symfony/process/Process.php:1201

   Symfony\Component\Process\Exception\ProcessTimedOutException 

  The process "'/usr/bin/php' 'artisan' 'queue:work' '--once' '--queue=default' '--delay=0' '--memory=128' '--sleep=3' '--tries=1'" exceeded the timeout of 60 seconds.

  at /run/media/krunaldodiya/Softwares/Code/Sawal/sawalbemisaal.pauzr.com/vendor/symfony/process/Process.php:1201
    1197| 
    1198|         if (null !== $this->timeout && $this->timeout < microtime(true) - $this->starttime) {
    1199|             $this->stop(0);
    1200| 
  > 1201|             throw new ProcessTimedOutException($this, ProcessTimedOutException::TYPE_GENERAL);
    1202|         }
    1203| 
    1204|         if (null !== $this->idleTimeout && $this->idleTimeout < microtime(true) - $this->lastOutputTime) {
    1205|             $this->stop(0);
    1197| 
    1198|         if (null !== $this->timeout && $this->timeout < microtime(true) - $this->starttime) {
    1199|             $this->stop(0);
    1200| 
  > 1201|             throw new ProcessTimedOutException($this, ProcessTimedOutException::TYPE_GENERAL);
    1202|         }
    1203| 
    1204|         if (null !== $this->idleTimeout && $this->idleTimeout < microtime(true) - $this->lastOutputTime) {
    1205|             $this->stop(0);
    1197| 
    1198|         if (null !== $this->timeout && $this->timeout < microtime(true) - $this->starttime) {
    1199|             $this->stop(0);
    1200| 
  > 1201|             throw new ProcessTimedOutException($this, ProcessTimedOutException::TYPE_GENERAL);
    1202|         }
    1203| 
    1204|         if (null !== $this->idleTimeout && $this->idleTimeout < microtime(true) - $this->lastOutputTime) {
    1205|             $this->stop(0);
    1197| 
    1198|         if (null !== $this->timeout && $this->timeout < microtime(true) - $this->starttime) {
    1199|             $this->stop(0);
    1200| 
  > 1201|             throw new ProcessTimedOutException($this, ProcessTimedOutException::TYPE_GENERAL);
    1202|         }
    1203| 
    1204|         if (null !== $this->idleTimeout && $this->idleTimeout < microtime(true) - $this->lastOutputTime) {
    1205|             $this->stop(0);
    1197| 
    1198|         if (null !== $this->timeout && $this->timeout < microtime(true) - $this->starttime) {
    1199|             $this->stop(0);
    1200| 
  > 1201|             throw new ProcessTimedOutException($this, ProcessTimedOutException::TYPE_GENERAL);
    1202|         }
    1203| 
    1204|         if (null !== $this->idleTimeout && $this->idleTimeout < microtime(true) - $this->lastOutputTime) {
    1205|             $this->stop(0);
    1197| 
    1198|         if (null !== $this->timeout && $this->timeout < microtime(true) - $this->starttime) {
    1199|             $this->stop(0);
    1200| 
  > 1201|             throw new ProcessTimedOutException($this, ProcessTimedOutException::TYPE_GENERAL);
    1202|         }
    1203| 
    1204|         if (null !== $this->idleTimeout && $this->idleTimeout < microtime(true) - $this->lastOutputTime) {
    1205|             $this->stop(0);
    1197| 
    1198|         if (null !== $this->timeout && $this->timeout < microtime(true) - $this->starttime) {
    1199|             $this->stop(0);
    1200| 
  > 1201|             throw new ProcessTimedOutException($this, ProcessTimedOutException::TYPE_GENERAL);
    1202|         }
    1203| 
    1204|         if (null !== $this->idleTimeout && $this->idleTimeout < microtime(true) - $this->lastOutputTime) {
    1205|             $this->stop(0);
    1197| 
    1198|         if (null !== $this->timeout && $this->timeout < microtime(true) - $this->starttime) {
    1199|             $this->stop(0);
    1200| 
  > 1201|             throw new ProcessTimedOutException($this, ProcessTimedOutException::TYPE_GENERAL);
    1202|         }
    1203| 
    1204|         if (null !== $this->idleTimeout && $this->idleTimeout < microtime(true) - $this->lastOutputTime) {
    1205|             $this->stop(0);

      [2m+19 vendor frames [22m
      [2m+19 vendor frames [22m
  20  /run/media/krunaldodiya/Softwares/Code/Sawal/sawalbemisaal.pauzr.com/artisan:37
      Illuminate\Foundation\Console\Kernel::handle()

  20  /run/media/krunaldodiya/Softwares/Code/Sawal/sawalbemisaal.pauzr.com/artisan:37
      Illuminate\Foundation\Console\Kernel::handle()

      [2m+19 vendor frames [22m
  20  /run/media/krunaldodiya/Softwares/Code/Sawal/sawalbemisaal.pauzr.com/artisan:37
      Illuminate\Foundation\Console\Kernel::handle()

      [2m+19 vendor frames [22m
  20  /run/media/krunaldodiya/Softwares/Code/Sawal/sawalbemisaal.pauzr.com/artisan:37
      Illuminate\Foundation\Console\Kernel::handle()

      [2m+19 vendor frames [22m
  20  /run/media/krunaldodiya/Softwares/Code/Sawal/sawalbemisaal.pauzr.com/artisan:37
      Illuminate\Foundation\Console\Kernel::handle()

      [2m+19 vendor frames [22m
  20  /run/media/krunaldodiya/Softwares/Code/Sawal/sawalbemisaal.pauzr.com/artisan:37
      Illuminate\Foundation\Console\Kernel::handle()

      [2m+19 vendor frames [22m
  20  /run/media/krunaldodiya/Softwares/Code/Sawal/sawalbemisaal.pauzr.com/artisan:37
      Illuminate\Foundation\Console\Kernel::handle()

      [2m+19 vendor frames [22m
  20  /run/media/krunaldodiya/Softwares/Code/Sawal/sawalbemisaal.pauzr.com/artisan:37
      Illuminate\Foundation\Console\Kernel::handle()
[2020-10-28 11:15:42][23] Processing: App\Jobs\NotifyBeforeStart

   Symfony\Component\Process\Exception\ProcessTimedOutException 

  The process "'/usr/bin/php' 'artisan' 'queue:work' '--once' '--queue=default' '--delay=0' '--memory=128' '--sleep=3' '--tries=1'" exceeded the timeout of 60 seconds.

  at /run/media/krunaldodiya/Softwares/Code/Sawal/sawalbemisaal.pauzr.com/vendor/symfony/process/Process.php:1201
    1197| 
    1198|         if (null !== $this->timeout && $this->timeout < microtime(true) - $this->starttime) {
    1199|             $this->stop(0);
    1200| 
  > 1201|             throw new ProcessTimedOutException($this, ProcessTimedOutException::TYPE_GENERAL);
    1202|         }
    1203| 
    1204|         if (null !== $this->idleTimeout && $this->idleTimeout < microtime(true) - $this->lastOutputTime) {
    1205|             $this->stop(0);

      [2m+19 vendor frames [22m
  20  /run/media/krunaldodiya/Softwares/Code/Sawal/sawalbemisaal.pauzr.com/artisan:37
      Illuminate\Foundation\Console\Kernel::handle()
[2020-10-28 11:17:09][23] Processing: App\Jobs\NotifyBeforeStart
[2020-10-28 11:17:30][23] Failed:     App\Jobs\NotifyBeforeStart
[2020-10-28 11:30:00][24] Processing: App\Jobs\CheckQuizStatus
[2020-10-28 11:30:01][24] Processed:  App\Jobs\CheckQuizStatus
[2020-10-28 12:45:00][25] Processing: App\Jobs\NotifyBeforeStart
[2020-10-28 12:45:00][27] Processing: App\Jobs\NotifyBeforeStart
[2020-10-28 12:45:01][25] Failed:     App\Jobs\NotifyBeforeStart
[2020-10-28 12:45:01][27] Failed:     App\Jobs\NotifyBeforeStart
[2020-10-28 13:00:00][28] Processing: App\Jobs\CheckQuizStatus
[2020-10-28 13:00:00][26] Processing: App\Jobs\CheckQuizStatus
[2020-10-28 13:00:00][26] Failed:     App\Jobs\CheckQuizStatus
[2020-10-28 13:00:00][28] Failed:     App\Jobs\CheckQuizStatus
[2020-10-28 13:45:00][29] Processing: App\Jobs\NotifyBeforeStart
[2020-10-28 13:45:01][29] Processed:  App\Jobs\NotifyBeforeStart
[2020-10-28 13:58:02][33] Processing: App\Jobs\CheckQuizStatus
[2020-10-28 13:58:02][33] Failed:     App\Jobs\CheckQuizStatus
[2020-10-28 14:00:00][30] Processing: App\Jobs\CheckQuizStatus
[2020-10-28 14:00:01][30] Processed:  App\Jobs\CheckQuizStatus
[2020-10-28 14:15:00][31] Processing: App\Jobs\NotifyBeforeStart
[2020-10-28 14:15:01][31] Processed:  App\Jobs\NotifyBeforeStart
[2020-10-28 14:30:00][32] Processing: App\Jobs\CheckQuizStatus
[2020-10-28 14:30:01][32] Processed:  App\Jobs\CheckQuizStatus
[2020-10-28 14:44:13][35] Processing: App\Jobs\CalculateQuizRanking
[2020-10-28 14:44:13][35] Processed:  App\Jobs\CalculateQuizRanking
[2020-10-28 16:15:00][38] Processing: App\Jobs\NotifyBeforeStart
[2020-10-28 16:15:00][36] Processing: App\Jobs\NotifyBeforeStart
[2020-10-28 16:15:01][36] Processed:  App\Jobs\NotifyBeforeStart
[2020-10-28 16:15:01][38] Processed:  App\Jobs\NotifyBeforeStart
[2020-10-28 16:30:00][39] Processing: App\Jobs\CheckQuizStatus
[2020-10-28 16:30:00][37] Processing: App\Jobs\CheckQuizStatus
[2020-10-28 16:30:01][37] Processed:  App\Jobs\CheckQuizStatus
[2020-10-28 16:30:01][39] Processed:  App\Jobs\CheckQuizStatus
[2020-10-28 18:45:00][40] Processing: App\Jobs\NotifyBeforeStart
[2020-10-28 18:45:01][40] Processed:  App\Jobs\NotifyBeforeStart
[2020-10-28 19:00:00][41] Processing: App\Jobs\CheckQuizStatus
[2020-10-28 19:00:01][41] Processed:  App\Jobs\CheckQuizStatus
[2020-10-28 19:45:00][42] Processing: App\Jobs\NotifyBeforeStart
[2020-10-28 19:45:00][42] Processed:  App\Jobs\NotifyBeforeStart
[2020-10-28 20:00:00][43] Processing: App\Jobs\CheckQuizStatus
[2020-10-28 20:00:00][43] Processed:  App\Jobs\CheckQuizStatus

   Predis\Connection\ConnectionException 

  Connection refused [tcp://127.0.0.1:6379]

  at vendor/predis/predis/src/Connection/AbstractConnection.php:155
    151|      */
    152|     protected function onConnectionError($message, $code = null)
    153|     {
    154|         CommunicationException::handle(
  > 155|             new ConnectionException($this, static::createExceptionMessage($message), $code)
    156|         );
    157|     }
    158| 
    159|     /**

   Predis\Connection\ConnectionException 

  Connection refused [tcp://127.0.0.1:6379]

  at vendor/predis/predis/src/Connection/AbstractConnection.php:155
    151|      */
    152|     protected function onConnectionError($message, $code = null)
    153|     {
    154|         CommunicationException::handle(
  > 155|             new ConnectionException($this, static::createExceptionMessage($message), $code)
    156|         );
    157|     }
    158| 
    159|     /**

   Predis\Connection\ConnectionException 

  Connection refused [tcp://127.0.0.1:6379]

  at vendor/predis/predis/src/Connection/AbstractConnection.php:155
    151|      */
    152|     protected function onConnectionError($message, $code = null)
    153|     {
    154|         CommunicationException::handle(
  > 155|             new ConnectionException($this, static::createExceptionMessage($message), $code)
    156|         );
    157|     }
    158| 
    159|     /**

      [2m+28 vendor frames [22m
  29  [internal]:0
      Illuminate\Foundation\Application::Illuminate\Foundation\{closure}()

      [2m+5 vendor frames [22m
  35  artisan:37
      Illuminate\Foundation\Console\Kernel::handle()

      [2m+28 vendor frames [22m
      [2m+28 vendor frames [22m
  29  [internal]:0
      Illuminate\Foundation\Application::Illuminate\Foundation\{closure}()

      [2m+5 vendor frames [22m
  35  artisan:37
      Illuminate\Foundation\Console\Kernel::handle()

  29  [internal]:0
      Illuminate\Foundation\Application::Illuminate\Foundation\{closure}()

      [2m+5 vendor frames [22m
  35  artisan:37
      Illuminate\Foundation\Console\Kernel::handle()
[2020-10-29 08:59:10][45] Processing: App\Jobs\CheckQuizStatus
[2020-10-29 08:59:10][44] Processing: App\Jobs\NotifyBeforeStart
[2020-10-29 08:59:11][44] Processed:  App\Jobs\NotifyBeforeStart
[2020-10-29 08:59:11][45] Processed:  App\Jobs\CheckQuizStatus
[2020-10-29 18:45:00][46] Processing: App\Jobs\NotifyBeforeStart
[2020-10-29 18:45:01][46] Processed:  App\Jobs\NotifyBeforeStart
[2020-10-29 19:00:00][47] Processing: App\Jobs\CheckQuizStatus
[2020-10-29 19:00:01][47] Processed:  App\Jobs\CheckQuizStatus
[2020-10-29 19:45:00][48] Processing: App\Jobs\NotifyBeforeStart
[2020-10-29 19:45:01][48] Processed:  App\Jobs\NotifyBeforeStart
[2020-10-30 08:40:43][51] Processing: App\Jobs\CheckQuizStatus
[2020-10-30 08:40:43][49] Processing: App\Jobs\CheckQuizStatus
[2020-10-30 08:40:43][48] Processing: App\Jobs\NotifyBeforeStart
[2020-10-30 08:40:43][50] Processing: App\Jobs\NotifyBeforeStart
[2020-10-30 08:40:44][48] Failed:     App\Jobs\NotifyBeforeStart
[2020-10-30 08:40:45][50] Processed:  App\Jobs\NotifyBeforeStart
[2020-10-30 08:40:45][49] Processed:  App\Jobs\CheckQuizStatus
[2020-10-30 08:40:45][51] Processed:  App\Jobs\CheckQuizStatus
[2020-10-30 11:45:00][52] Processing: App\Jobs\NotifyBeforeStart
[2020-10-30 11:45:01][52] Processed:  App\Jobs\NotifyBeforeStart
[2020-10-30 12:00:14][53] Processing: App\Jobs\CheckQuizStatus
[2020-10-30 12:00:16][53] Processed:  App\Jobs\CheckQuizStatus
[2020-10-30 12:15:00][54] Processing: App\Jobs\NotifyBeforeStart
[2020-10-30 12:15:01][54] Processed:  App\Jobs\NotifyBeforeStart
[2020-10-30 12:30:00][55] Processing: App\Jobs\CheckQuizStatus
[2020-10-30 12:30:01][55] Processed:  App\Jobs\CheckQuizStatus
